2020.12.09 14:33:56 INFO  started: Metals version 0.9.4 in workspace '/home/silverest/Coding/adventOfCode2020' .
2020.12.09 14:33:58 INFO  time: initialize in 1.42s
2020.12.09 14:33:59 WARN  no build tool detected in workspace '/home/silverest/Coding/adventOfCode2020'. The most common cause for this problem is that the editor was opened in the wrong working directory, for example if you use sbt then the workspace directory should contain build.sbt. 
Dec 09, 2020 2:33:59 PM org.eclipse.lsp4j.jsonrpc.RemoteEndpoint handleNotification
WARNING: Notification threw an exception: {
  "jsonrpc": "2.0",
  "method": "textDocument/didOpen",
  "params": {
    "textDocument": {
      "uri": "file:///home/silverest/Coding/adventOfCode2020/day4.scala",
      "languageId": "scala",
      "version": 1,
      "text": "\n"
    }
  }
}
java.lang.RuntimeException: java.lang.reflect.InvocationTargetException
	at org.eclipse.lsp4j.jsonrpc.services.GenericEndpoint.lambda$null$0(GenericEndpoint.java:67)
	at org.eclipse.lsp4j.jsonrpc.services.GenericEndpoint.notify(GenericEndpoint.java:152)
	at org.eclipse.lsp4j.jsonrpc.RemoteEndpoint.handleNotification(RemoteEndpoint.java:220)
	at org.eclipse.lsp4j.jsonrpc.RemoteEndpoint.consume(RemoteEndpoint.java:187)
	at org.eclipse.lsp4j.jsonrpc.json.StreamMessageProducer.handleMessage(StreamMessageProducer.java:194)
	at org.eclipse.lsp4j.jsonrpc.json.StreamMessageProducer.listen(StreamMessageProducer.java:94)
	at org.eclipse.lsp4j.jsonrpc.json.ConcurrentMessageProcessor.run(ConcurrentMessageProcessor.java:113)
	at java.base/java.util.concurrent.Executors$RunnableAdapter.call(Executors.java:515)
	at java.base/java.util.concurrent.FutureTask.run(FutureTask.java:264)
	at java.base/java.util.concurrent.ThreadPoolExecutor.runWorker(ThreadPoolExecutor.java:1130)
	at java.base/java.util.concurrent.ThreadPoolExecutor$Worker.run(ThreadPoolExecutor.java:630)
	at java.base/java.lang.Thread.run(Thread.java:832)
Caused by: java.lang.reflect.InvocationTargetException
	at java.base/jdk.internal.reflect.NativeMethodAccessorImpl.invoke0(Native Method)
	at java.base/jdk.internal.reflect.NativeMethodAccessorImpl.invoke(NativeMethodAccessorImpl.java:64)
	at java.base/jdk.internal.reflect.DelegatingMethodAccessorImpl.invoke(DelegatingMethodAccessorImpl.java:43)
	at java.base/java.lang.reflect.Method.invoke(Method.java:564)
	at org.eclipse.lsp4j.jsonrpc.services.GenericEndpoint.lambda$null$0(GenericEndpoint.java:65)
	... 11 more
Caused by: java.nio.file.NoSuchFileException: /home/silverest/Coding/adventOfCode2020/day4.scala
	at java.base/sun.nio.fs.UnixException.translateToIOException(UnixException.java:92)
	at java.base/sun.nio.fs.UnixException.rethrowAsIOException(UnixException.java:106)
	at java.base/sun.nio.fs.UnixException.rethrowAsIOException(UnixException.java:111)
	at java.base/sun.nio.fs.UnixFileSystemProvider.newByteChannel(UnixFileSystemProvider.java:218)
	at java.base/java.nio.file.Files.newByteChannel(Files.java:375)
	at java.base/java.nio.file.Files.newByteChannel(Files.java:426)
	at java.base/java.nio.file.Files.readAllBytes(Files.java:3272)
	at scala.meta.internal.io.PlatformFileIO$.slurp(PlatformFileIO.scala:45)
	at scala.meta.internal.io.FileIO$.slurp(FileIO.scala:24)
	at scala.meta.internal.metals.MetalsLanguageServer.didOpen(MetalsLanguageServer.scala:804)
	... 16 more

2020.12.09 14:38:40 INFO  no build target: using presentation compiler with only scala-library
something's wrong: no file:///home/silverest/Coding/adventOfCode2020/day4.scala in Array[<error>]RangePosition(file:///home/silverest/Coding/adventOfCode2020/day4.scala, 32, 32, 47)
Dec 09, 2020 2:39:52 PM org.eclipse.lsp4j.jsonrpc.RemoteEndpoint fallbackResponseError
SEVERE: Internal error: java.lang.InterruptedException
java.util.concurrent.CompletionException: java.lang.InterruptedException
	at java.base/java.util.concurrent.CompletableFuture.encodeThrowable(CompletableFuture.java:314)
	at java.base/java.util.concurrent.CompletableFuture.completeThrowable(CompletableFuture.java:319)
	at java.base/java.util.concurrent.CompletableFuture$UniAccept.tryFire(CompletableFuture.java:718)
	at java.base/java.util.concurrent.CompletableFuture.postComplete(CompletableFuture.java:506)
	at java.base/java.util.concurrent.CompletableFuture.complete(CompletableFuture.java:2137)
	at scala.meta.internal.metals.CancelTokens$.$anonfun$future$1(CancelTokens.scala:42)
	at scala.meta.internal.metals.CancelTokens$.$anonfun$future$1$adapted(CancelTokens.scala:38)
	at scala.concurrent.impl.CallbackRunnable.run(Promise.scala:64)
	at java.base/java.util.concurrent.ThreadPoolExecutor.runWorker(ThreadPoolExecutor.java:1130)
	at java.base/java.util.concurrent.ThreadPoolExecutor$Worker.run(ThreadPoolExecutor.java:630)
	at java.base/java.lang.Thread.run(Thread.java:832)
Caused by: java.lang.InterruptedException
	at scala.meta.internal.metals.FutureCancelToken.checkCanceled(FutureCancelToken.scala:29)
	at scala.meta.pc.VirtualFileParams.checkCanceled(VirtualFileParams.java:25)
	at scala.meta.internal.pc.CompletionProvider.$anonfun$completions$1(CompletionProvider.scala:77)
	at scala.collection.Iterator$$anon$10.next(Iterator.scala:461)
	at scala.collection.Iterator.toStream(Iterator.scala:1417)
	at scala.collection.Iterator.toStream$(Iterator.scala:1416)
	at scala.collection.AbstractIterator.toStream(Iterator.scala:1431)
	at scala.collection.Iterator.$anonfun$toStream$1(Iterator.scala:1417)
	at scala.collection.immutable.Stream$Cons.tail(Stream.scala:1173)
	at scala.collection.immutable.Stream$Cons.tail(Stream.scala:1163)
	at scala.collection.immutable.StreamIterator.$anonfun$next$1(Stream.scala:1061)
	at scala.collection.immutable.StreamIterator$LazyCell.v$lzycompute(Stream.scala:1050)
	at scala.collection.immutable.StreamIterator$LazyCell.v(Stream.scala:1050)
	at scala.collection.immutable.StreamIterator.hasNext(Stream.scala:1055)
	at scala.collection.convert.Wrappers$IteratorWrapper.hasNext(Wrappers.scala:31)
	at org.eclipse.lsp4j.jsonrpc.json.adapters.CollectionTypeAdapter.write(CollectionTypeAdapter.java:134)
	at org.eclipse.lsp4j.jsonrpc.json.adapters.CollectionTypeAdapter.write(CollectionTypeAdapter.java:40)
	at com.google.gson.internal.bind.TypeAdapterRuntimeTypeWrapper.write(TypeAdapterRuntimeTypeWrapper.java:69)
	at com.google.gson.internal.bind.ReflectiveTypeAdapterFactory$1.write(ReflectiveTypeAdapterFactory.java:125)
	at com.google.gson.internal.bind.ReflectiveTypeAdapterFactory$Adapter.write(ReflectiveTypeAdapterFactory.java:243)
	at com.google.gson.Gson.toJson(Gson.java:669)
	at org.eclipse.lsp4j.jsonrpc.json.adapters.MessageTypeAdapter.write(MessageTypeAdapter.java:423)
	at org.eclipse.lsp4j.jsonrpc.json.adapters.MessageTypeAdapter.write(MessageTypeAdapter.java:55)
	at com.google.gson.Gson.toJson(Gson.java:669)
	at com.google.gson.Gson.toJson(Gson.java:648)
	at org.eclipse.lsp4j.jsonrpc.json.MessageJsonHandler.serialize(MessageJsonHandler.java:145)
	at org.eclipse.lsp4j.jsonrpc.json.MessageJsonHandler.serialize(MessageJsonHandler.java:140)
	at org.eclipse.lsp4j.jsonrpc.json.StreamMessageConsumer.consume(StreamMessageConsumer.java:59)
	at org.eclipse.lsp4j.jsonrpc.RemoteEndpoint.lambda$handleRequest$1(RemoteEndpoint.java:281)
	at java.base/java.util.concurrent.CompletableFuture$UniAccept.tryFire(CompletableFuture.java:714)
	... 8 more

2020.12.09 14:41:36 WARN  no build target for: /home/silverest/Coding/adventOfCode2020/day4.scala
2020.12.09 14:41:54 INFO  started: Metals version 0.9.4 in workspace '/home/silverest/Coding/adventOfCode2020' .
2020.12.09 14:41:55 INFO  time: initialize in 1.44s
2020.12.09 14:43:08 INFO  started: Metals version 0.9.4 in workspace '/home/silverest/Coding/adventOfCode2020' .
2020.12.09 14:43:10 INFO  time: initialize in 1.48s
2020.12.09 14:43:13 WARN  no build tool detected in workspace '/home/silverest/Coding/adventOfCode2020'. The most common cause for this problem is that the editor was opened in the wrong working directory, for example if you use sbt then the workspace directory should contain build.sbt. 
2020.12.09 14:43:15 INFO  no build target: using presentation compiler with only scala-library
2020.12.09 14:43:15 WARN  no build target for: /home/silverest/Coding/adventOfCode2020/day4.scala
2020.12.09 14:45:13 WARN  no build target for: /home/silverest/Coding/adventOfCode2020/day4.scala
2020.12.09 14:45:55 WARN  no build target for: /home/silverest/Coding/adventOfCode2020/day4.scala
2020.12.09 14:46:47 WARN  no build target for: /home/silverest/Coding/adventOfCode2020/day4.scala
2020.12.09 14:47:10 WARN  no build target for: /home/silverest/Coding/adventOfCode2020/day4.scala
2020.12.09 14:47:36 WARN  no build target for: /home/silverest/Coding/adventOfCode2020/day4.scala
2020.12.09 14:47:55 WARN  no build target for: /home/silverest/Coding/adventOfCode2020/day4.scala
2020.12.09 14:48:23 WARN  no build target for: /home/silverest/Coding/adventOfCode2020/day4.scala
2020.12.09 14:54:56 WARN  no build target for: /home/silverest/Coding/adventOfCode2020/day4.scala
2020.12.09 14:55:26 WARN  no build target for: /home/silverest/Coding/adventOfCode2020/day4.scala
2020.12.09 14:58:02 WARN  no build target for: /home/silverest/Coding/adventOfCode2020/day4.scala
2020.12.09 14:58:29 WARN  no build target for: /home/silverest/Coding/adventOfCode2020/day4.scala
Dec 09, 2020 2:58:58 PM org.eclipse.lsp4j.jsonrpc.RemoteEndpoint handleCancellation
WARNING: Unmatched cancel notification for request id 175
2020.12.09 14:59:06 WARN  no build target for: /home/silverest/Coding/adventOfCode2020/day4.scala
Dec 09, 2020 2:59:22 PM scala.meta.internal.pc.CompilerAccess retryWithCleanCompiler
INFO: compiler crashed due to an error in the Scala compiler, retrying with new compiler instance.
2020.12.09 14:59:30 WARN  no build target for: /home/silverest/Coding/adventOfCode2020/day4.scala
2020.12.09 15:01:59 WARN  no build target for: /home/silverest/Coding/adventOfCode2020/day4.scala
2020.12.09 15:03:43 WARN  no build target for: /home/silverest/Coding/adventOfCode2020/day4.scala
2020.12.09 15:04:39 WARN  no build target for: /home/silverest/Coding/adventOfCode2020/day4.scala
2020.12.09 15:05:34 WARN  no build target for: /home/silverest/Coding/adventOfCode2020/day4.scala
Dec 09, 2020 3:06:58 PM scala.meta.internal.pc.CompletionProvider expected$1
WARNING: offset 196, count -1, length 270
2020.12.09 15:07:36 WARN  no build target for: /home/silverest/Coding/adventOfCode2020/day4.scala
2020.12.09 15:08:04 WARN  no build target for: /home/silverest/Coding/adventOfCode2020/day4.scala
2020.12.09 15:08:30 WARN  no build target for: /home/silverest/Coding/adventOfCode2020/day4.scala
2020.12.09 15:12:42 WARN  no build target for: /home/silverest/Coding/adventOfCode2020/day4.scala
2020.12.09 15:13:12 WARN  no build target for: /home/silverest/Coding/adventOfCode2020/day4.scala
2020.12.09 15:13:48 WARN  no build target for: /home/silverest/Coding/adventOfCode2020/day4.scala
Dec 09, 2020 3:15:29 PM scala.meta.internal.pc.CompletionProvider expected$1
WARNING: offset 245, count -1, length 259
2020.12.09 15:15:32 WARN  no build target for: /home/silverest/Coding/adventOfCode2020/day4.scala
2020.12.09 15:17:41 WARN  no build target for: /home/silverest/Coding/adventOfCode2020/day4.scala
2020.12.09 15:18:31 WARN  no build target for: /home/silverest/Coding/adventOfCode2020/day4.scala
2020.12.09 15:21:44 WARN  no build target for: /home/silverest/Coding/adventOfCode2020/day4.scala
2020.12.09 15:22:07 WARN  no build target for: /home/silverest/Coding/adventOfCode2020/day4.scala
2020.12.09 15:22:43 WARN  no build target for: /home/silverest/Coding/adventOfCode2020/day4.scala
2020.12.09 15:24:29 WARN  no build target for: /home/silverest/Coding/adventOfCode2020/day4.scala
Dec 09, 2020 3:25:18 PM scala.meta.internal.pc.CompletionProvider expected$1
WARNING: offset 362, count -1, length 376
Dec 09, 2020 3:25:20 PM scala.meta.internal.pc.CompletionProvider expected$1
WARNING: offset 362, count -1, length 376
2020.12.09 15:25:23 WARN  no build target for: /home/silverest/Coding/adventOfCode2020/day4.scala
Dec 09, 2020 3:26:08 PM scala.meta.internal.pc.CompletionProvider expected$1
WARNING: offset 357, count -1, length 371
2020.12.09 15:26:11 WARN  no build target for: /home/silverest/Coding/adventOfCode2020/day4.scala
2020.12.09 15:27:56 WARN  no build target for: /home/silverest/Coding/adventOfCode2020/day4.scala
2020.12.09 15:29:46 WARN  no build target for: /home/silverest/Coding/adventOfCode2020/day4.scala
2020.12.09 15:31:50 WARN  no build target for: /home/silverest/Coding/adventOfCode2020/day4.scala
2020.12.09 15:32:18 WARN  no build target for: /home/silverest/Coding/adventOfCode2020/day4.scala
2020.12.09 15:33:00 WARN  no build target for: /home/silverest/Coding/adventOfCode2020/day4.scala
2020.12.09 15:35:41 WARN  no build target for: /home/silverest/Coding/adventOfCode2020/day4.scala
2020.12.09 15:36:34 WARN  no build target for: /home/silverest/Coding/adventOfCode2020/day4.scala
2020.12.09 15:36:50 WARN  no build target for: /home/silverest/Coding/adventOfCode2020/day4.scala
2020.12.09 15:37:27 WARN  no build target for: /home/silverest/Coding/adventOfCode2020/day4.scala
2020.12.09 15:37:56 WARN  no build target for: /home/silverest/Coding/adventOfCode2020/day4.scala
2020.12.09 15:38:16 WARN  no build target for: /home/silverest/Coding/adventOfCode2020/day4.scala
2020.12.09 15:39:16 WARN  no build target for: /home/silverest/Coding/adventOfCode2020/day4.scala
2020.12.09 15:40:26 WARN  no build target for: /home/silverest/Coding/adventOfCode2020/day4.scala
2020.12.09 15:41:33 WARN  no build target for: /home/silverest/Coding/adventOfCode2020/day4.scala
2020.12.09 17:15:09 INFO  started: Metals version 0.9.4 in workspace '/home/silverest/Coding/adventOfCode2020' .
2020.12.09 17:15:10 INFO  time: initialize in 1.19s
2020.12.09 17:15:14 WARN  no build tool detected in workspace '/home/silverest/Coding/adventOfCode2020'. The most common cause for this problem is that the editor was opened in the wrong working directory, for example if you use sbt then the workspace directory should contain build.sbt. 
2020.12.09 17:15:17 INFO  no build target: using presentation compiler with only scala-library
2020.12.09 17:15:17 WARN  no build target for: /home/silverest/Coding/adventOfCode2020/day4.scala
Dec 09, 2020 5:19:17 PM org.eclipse.lsp4j.jsonrpc.RemoteEndpoint fallbackResponseError
SEVERE: Internal error: java.lang.InterruptedException
java.util.concurrent.CompletionException: java.lang.InterruptedException
	at java.base/java.util.concurrent.CompletableFuture.encodeThrowable(CompletableFuture.java:314)
	at java.base/java.util.concurrent.CompletableFuture.completeThrowable(CompletableFuture.java:319)
	at java.base/java.util.concurrent.CompletableFuture$UniAccept.tryFire(CompletableFuture.java:718)
	at java.base/java.util.concurrent.CompletableFuture.postComplete(CompletableFuture.java:506)
	at java.base/java.util.concurrent.CompletableFuture.complete(CompletableFuture.java:2137)
	at scala.meta.internal.metals.CancelTokens$.$anonfun$future$1(CancelTokens.scala:42)
	at scala.meta.internal.metals.CancelTokens$.$anonfun$future$1$adapted(CancelTokens.scala:38)
	at scala.concurrent.impl.CallbackRunnable.run(Promise.scala:64)
	at java.base/java.util.concurrent.ThreadPoolExecutor.runWorker(ThreadPoolExecutor.java:1130)
	at java.base/java.util.concurrent.ThreadPoolExecutor$Worker.run(ThreadPoolExecutor.java:630)
	at java.base/java.lang.Thread.run(Thread.java:832)
Caused by: java.lang.InterruptedException
	at scala.meta.internal.metals.FutureCancelToken.checkCanceled(FutureCancelToken.scala:29)
	at scala.meta.pc.VirtualFileParams.checkCanceled(VirtualFileParams.java:25)
	at scala.meta.internal.pc.CompletionProvider.$anonfun$completions$1(CompletionProvider.scala:77)
	at scala.collection.Iterator$$anon$10.next(Iterator.scala:461)
	at scala.collection.Iterator.toStream(Iterator.scala:1417)
	at scala.collection.Iterator.toStream$(Iterator.scala:1416)
	at scala.collection.AbstractIterator.toStream(Iterator.scala:1431)
	at scala.collection.Iterator.$anonfun$toStream$1(Iterator.scala:1417)
	at scala.collection.immutable.Stream$Cons.tail(Stream.scala:1173)
	at scala.collection.immutable.Stream$Cons.tail(Stream.scala:1163)
	at scala.collection.immutable.StreamIterator.$anonfun$next$1(Stream.scala:1061)
	at scala.collection.immutable.StreamIterator$LazyCell.v$lzycompute(Stream.scala:1050)
	at scala.collection.immutable.StreamIterator$LazyCell.v(Stream.scala:1050)
	at scala.collection.immutable.StreamIterator.hasNext(Stream.scala:1055)
	at scala.collection.convert.Wrappers$IteratorWrapper.hasNext(Wrappers.scala:31)
	at org.eclipse.lsp4j.jsonrpc.json.adapters.CollectionTypeAdapter.write(CollectionTypeAdapter.java:134)
	at org.eclipse.lsp4j.jsonrpc.json.adapters.CollectionTypeAdapter.write(CollectionTypeAdapter.java:40)
	at com.google.gson.internal.bind.TypeAdapterRuntimeTypeWrapper.write(TypeAdapterRuntimeTypeWrapper.java:69)
	at com.google.gson.internal.bind.ReflectiveTypeAdapterFactory$1.write(ReflectiveTypeAdapterFactory.java:125)
	at com.google.gson.internal.bind.ReflectiveTypeAdapterFactory$Adapter.write(ReflectiveTypeAdapterFactory.java:243)
	at com.google.gson.Gson.toJson(Gson.java:669)
	at org.eclipse.lsp4j.jsonrpc.json.adapters.MessageTypeAdapter.write(MessageTypeAdapter.java:423)
	at org.eclipse.lsp4j.jsonrpc.json.adapters.MessageTypeAdapter.write(MessageTypeAdapter.java:55)
	at com.google.gson.Gson.toJson(Gson.java:669)
	at com.google.gson.Gson.toJson(Gson.java:648)
	at org.eclipse.lsp4j.jsonrpc.json.MessageJsonHandler.serialize(MessageJsonHandler.java:145)
	at org.eclipse.lsp4j.jsonrpc.json.MessageJsonHandler.serialize(MessageJsonHandler.java:140)
	at org.eclipse.lsp4j.jsonrpc.json.StreamMessageConsumer.consume(StreamMessageConsumer.java:59)
	at org.eclipse.lsp4j.jsonrpc.RemoteEndpoint.lambda$handleRequest$1(RemoteEndpoint.java:281)
	at java.base/java.util.concurrent.CompletableFuture$UniAccept.tryFire(CompletableFuture.java:714)
	... 8 more

Dec 09, 2020 5:19:17 PM org.eclipse.lsp4j.jsonrpc.RemoteEndpoint fallbackResponseError
SEVERE: Internal error: java.lang.InterruptedException
java.util.concurrent.CompletionException: java.lang.InterruptedException
	at java.base/java.util.concurrent.CompletableFuture.encodeThrowable(CompletableFuture.java:314)
	at java.base/java.util.concurrent.CompletableFuture.completeThrowable(CompletableFuture.java:319)
	at java.base/java.util.concurrent.CompletableFuture$UniAccept.tryFire(CompletableFuture.java:718)
	at java.base/java.util.concurrent.CompletableFuture.postComplete(CompletableFuture.java:506)
	at java.base/java.util.concurrent.CompletableFuture.complete(CompletableFuture.java:2137)
	at scala.meta.internal.metals.CancelTokens$.$anonfun$future$1(CancelTokens.scala:42)
	at scala.meta.internal.metals.CancelTokens$.$anonfun$future$1$adapted(CancelTokens.scala:38)
	at scala.concurrent.impl.CallbackRunnable.run(Promise.scala:64)
	at java.base/java.util.concurrent.ThreadPoolExecutor.runWorker(ThreadPoolExecutor.java:1130)
	at java.base/java.util.concurrent.ThreadPoolExecutor$Worker.run(ThreadPoolExecutor.java:630)
	at java.base/java.lang.Thread.run(Thread.java:832)
Caused by: java.lang.InterruptedException
	at scala.meta.internal.metals.FutureCancelToken.checkCanceled(FutureCancelToken.scala:29)
	at scala.meta.pc.VirtualFileParams.checkCanceled(VirtualFileParams.java:25)
	at scala.meta.internal.pc.CompletionProvider.$anonfun$completions$1(CompletionProvider.scala:77)
	at scala.collection.Iterator$$anon$10.next(Iterator.scala:461)
	at scala.collection.Iterator.toStream(Iterator.scala:1417)
	at scala.collection.Iterator.toStream$(Iterator.scala:1416)
	at scala.collection.AbstractIterator.toStream(Iterator.scala:1431)
	at scala.collection.Iterator.$anonfun$toStream$1(Iterator.scala:1417)
	at scala.collection.immutable.Stream$Cons.tail(Stream.scala:1173)
	at scala.collection.immutable.Stream$Cons.tail(Stream.scala:1163)
	at scala.collection.immutable.StreamIterator.$anonfun$next$1(Stream.scala:1061)
	at scala.collection.immutable.StreamIterator$LazyCell.v$lzycompute(Stream.scala:1050)
	at scala.collection.immutable.StreamIterator$LazyCell.v(Stream.scala:1050)
	at scala.collection.immutable.StreamIterator.hasNext(Stream.scala:1055)
	at scala.collection.convert.Wrappers$IteratorWrapper.hasNext(Wrappers.scala:31)
	at org.eclipse.lsp4j.jsonrpc.json.adapters.CollectionTypeAdapter.write(CollectionTypeAdapter.java:134)
	at org.eclipse.lsp4j.jsonrpc.json.adapters.CollectionTypeAdapter.write(CollectionTypeAdapter.java:40)
	at com.google.gson.internal.bind.TypeAdapterRuntimeTypeWrapper.write(TypeAdapterRuntimeTypeWrapper.java:69)
	at com.google.gson.internal.bind.ReflectiveTypeAdapterFactory$1.write(ReflectiveTypeAdapterFactory.java:125)
	at com.google.gson.internal.bind.ReflectiveTypeAdapterFactory$Adapter.write(ReflectiveTypeAdapterFactory.java:243)
	at com.google.gson.Gson.toJson(Gson.java:669)
	at org.eclipse.lsp4j.jsonrpc.json.adapters.MessageTypeAdapter.write(MessageTypeAdapter.java:423)
	at org.eclipse.lsp4j.jsonrpc.json.adapters.MessageTypeAdapter.write(MessageTypeAdapter.java:55)
	at com.google.gson.Gson.toJson(Gson.java:669)
	at com.google.gson.Gson.toJson(Gson.java:648)
	at org.eclipse.lsp4j.jsonrpc.json.MessageJsonHandler.serialize(MessageJsonHandler.java:145)
	at org.eclipse.lsp4j.jsonrpc.json.MessageJsonHandler.serialize(MessageJsonHandler.java:140)
	at org.eclipse.lsp4j.jsonrpc.json.StreamMessageConsumer.consume(StreamMessageConsumer.java:59)
	at org.eclipse.lsp4j.jsonrpc.RemoteEndpoint.lambda$handleRequest$1(RemoteEndpoint.java:281)
	at java.base/java.util.concurrent.CompletableFuture$UniAccept.tryFire(CompletableFuture.java:714)
	... 8 more

something's wrong: no file:///home/silverest/Coding/adventOfCode2020/day4.scala in Map[String,<error>]RangePosition(file:///home/silverest/Coding/adventOfCode2020/day4.scala, 96, 96, 116)
Dec 09, 2020 5:21:25 PM org.eclipse.lsp4j.jsonrpc.RemoteEndpoint fallbackResponseError
SEVERE: Internal error: java.lang.InterruptedException
java.util.concurrent.CompletionException: java.lang.InterruptedException
	at java.base/java.util.concurrent.CompletableFuture.encodeThrowable(CompletableFuture.java:314)
	at java.base/java.util.concurrent.CompletableFuture.completeThrowable(CompletableFuture.java:319)
	at java.base/java.util.concurrent.CompletableFuture$UniAccept.tryFire(CompletableFuture.java:718)
	at java.base/java.util.concurrent.CompletableFuture.postComplete(CompletableFuture.java:506)
	at java.base/java.util.concurrent.CompletableFuture.complete(CompletableFuture.java:2137)
	at scala.meta.internal.metals.CancelTokens$.$anonfun$future$1(CancelTokens.scala:42)
	at scala.meta.internal.metals.CancelTokens$.$anonfun$future$1$adapted(CancelTokens.scala:38)
	at scala.concurrent.impl.CallbackRunnable.run(Promise.scala:64)
	at java.base/java.util.concurrent.ThreadPoolExecutor.runWorker(ThreadPoolExecutor.java:1130)
	at java.base/java.util.concurrent.ThreadPoolExecutor$Worker.run(ThreadPoolExecutor.java:630)
	at java.base/java.lang.Thread.run(Thread.java:832)
Caused by: java.lang.InterruptedException
	at scala.meta.internal.metals.FutureCancelToken.checkCanceled(FutureCancelToken.scala:29)
	at scala.meta.pc.VirtualFileParams.checkCanceled(VirtualFileParams.java:25)
	at scala.meta.internal.pc.CompletionProvider.$anonfun$completions$1(CompletionProvider.scala:77)
	at scala.collection.Iterator$$anon$10.next(Iterator.scala:461)
	at scala.collection.Iterator.toStream(Iterator.scala:1417)
	at scala.collection.Iterator.toStream$(Iterator.scala:1416)
	at scala.collection.AbstractIterator.toStream(Iterator.scala:1431)
	at scala.collection.Iterator.$anonfun$toStream$1(Iterator.scala:1417)
	at scala.collection.immutable.Stream$Cons.tail(Stream.scala:1173)
	at scala.collection.immutable.Stream$Cons.tail(Stream.scala:1163)
	at scala.collection.immutable.StreamIterator.$anonfun$next$1(Stream.scala:1061)
	at scala.collection.immutable.StreamIterator$LazyCell.v$lzycompute(Stream.scala:1050)
	at scala.collection.immutable.StreamIterator$LazyCell.v(Stream.scala:1050)
	at scala.collection.immutable.StreamIterator.hasNext(Stream.scala:1055)
	at scala.collection.convert.Wrappers$IteratorWrapper.hasNext(Wrappers.scala:31)
	at org.eclipse.lsp4j.jsonrpc.json.adapters.CollectionTypeAdapter.write(CollectionTypeAdapter.java:134)
	at org.eclipse.lsp4j.jsonrpc.json.adapters.CollectionTypeAdapter.write(CollectionTypeAdapter.java:40)
	at com.google.gson.internal.bind.TypeAdapterRuntimeTypeWrapper.write(TypeAdapterRuntimeTypeWrapper.java:69)
	at com.google.gson.internal.bind.ReflectiveTypeAdapterFactory$1.write(ReflectiveTypeAdapterFactory.java:125)
	at com.google.gson.internal.bind.ReflectiveTypeAdapterFactory$Adapter.write(ReflectiveTypeAdapterFactory.java:243)
	at com.google.gson.Gson.toJson(Gson.java:669)
	at org.eclipse.lsp4j.jsonrpc.json.adapters.MessageTypeAdapter.write(MessageTypeAdapter.java:423)
	at org.eclipse.lsp4j.jsonrpc.json.adapters.MessageTypeAdapter.write(MessageTypeAdapter.java:55)
	at com.google.gson.Gson.toJson(Gson.java:669)
	at com.google.gson.Gson.toJson(Gson.java:648)
	at org.eclipse.lsp4j.jsonrpc.json.MessageJsonHandler.serialize(MessageJsonHandler.java:145)
	at org.eclipse.lsp4j.jsonrpc.json.MessageJsonHandler.serialize(MessageJsonHandler.java:140)
	at org.eclipse.lsp4j.jsonrpc.json.StreamMessageConsumer.consume(StreamMessageConsumer.java:59)
	at org.eclipse.lsp4j.jsonrpc.RemoteEndpoint.lambda$handleRequest$1(RemoteEndpoint.java:281)
	at java.base/java.util.concurrent.CompletableFuture$UniAccept.tryFire(CompletableFuture.java:714)
	... 8 more

Dec 09, 2020 5:36:18 PM org.eclipse.lsp4j.jsonrpc.RemoteEndpoint handleCancellation
WARNING: Unmatched cancel notification for request id 262
Dec 09, 2020 5:59:24 PM org.eclipse.lsp4j.jsonrpc.RemoteEndpoint handleCancellation
WARNING: Unmatched cancel notification for request id 658
something's wrong: no file:///home/silverest/Coding/adventOfCode2020/day4.scala in Map[String,<error>]RangePosition(file:///home/silverest/Coding/adventOfCode2020/day4.scala, 39, 39, 59)
Dec 09, 2020 6:11:11 PM org.eclipse.lsp4j.jsonrpc.RemoteEndpoint handleCancellation
WARNING: Unmatched cancel notification for request id 792
Dec 09, 2020 6:11:13 PM org.eclipse.lsp4j.jsonrpc.RemoteEndpoint handleCancellation
WARNING: Unmatched cancel notification for request id 797
2020.12.09 18:11:20 WARN  no build target for: /home/silverest/Coding/adventOfCode2020/day4.scala
2020.12.09 18:12:25 WARN  no build target for: /home/silverest/Coding/adventOfCode2020/day4.scala
2020.12.09 18:12:47 WARN  no build target for: /home/silverest/Coding/adventOfCode2020/day4.scala
2020.12.09 18:13:13 WARN  no build target for: /home/silverest/Coding/adventOfCode2020/day4.scala
2020.12.09 18:13:30 WARN  no build target for: /home/silverest/Coding/adventOfCode2020/day4.scala
something's wrong: no file:///home/silverest/Coding/adventOfCode2020/day4.scala in List[<error>]RangePosition(file:///home/silverest/Coding/adventOfCode2020/day4.scala, 39, 39, 53)
something's wrong: no file:///home/silverest/Coding/adventOfCode2020/day4.scala in List[<error>]RangePosition(file:///home/silverest/Coding/adventOfCode2020/day4.scala, 39, 39, 55)
something's wrong: no file:///home/silverest/Coding/adventOfCode2020/day4.scala in (String, <error>)RangePosition(file:///home/silverest/Coding/adventOfCode2020/day4.scala, 44, 44, 61)
2020.12.09 18:17:28 WARN  no build target for: /home/silverest/Coding/adventOfCode2020/day4.scala
2020.12.09 18:17:49 WARN  no build target for: /home/silverest/Coding/adventOfCode2020/day4.scala
2020.12.09 18:18:41 WARN  no build target for: /home/silverest/Coding/adventOfCode2020/day4.scala
2020.12.09 18:19:04 WARN  no build target for: /home/silverest/Coding/adventOfCode2020/day4.scala
2020.12.09 18:19:20 WARN  no build target for: /home/silverest/Coding/adventOfCode2020/day4.scala
2020.12.09 18:20:14 WARN  no build target for: /home/silverest/Coding/adventOfCode2020/day4.scala
2020.12.09 18:21:06 WARN  no build target for: /home/silverest/Coding/adventOfCode2020/day4.scala
2020.12.09 18:21:23 WARN  no build target for: /home/silverest/Coding/adventOfCode2020/day4.scala
something's wrong: no file:///home/silverest/Coding/adventOfCode2020/day4.scala in List[<error>]RangePosition(file:///home/silverest/Coding/adventOfCode2020/day4.scala, 39, 39, 54)
something's wrong: no file:///home/silverest/Coding/adventOfCode2020/day4.scala in List[<error>]RangePosition(file:///home/silverest/Coding/adventOfCode2020/day4.scala, 39, 39, 53)
something's wrong: no file:///home/silverest/Coding/adventOfCode2020/day4.scala in List[<error>]RangePosition(file:///home/silverest/Coding/adventOfCode2020/day4.scala, 39, 39, 55)
Dec 09, 2020 6:22:42 PM org.eclipse.lsp4j.jsonrpc.RemoteEndpoint fallbackResponseError
SEVERE: Internal error: java.lang.InterruptedException
java.util.concurrent.CompletionException: java.lang.InterruptedException
	at java.base/java.util.concurrent.CompletableFuture.encodeThrowable(CompletableFuture.java:314)
	at java.base/java.util.concurrent.CompletableFuture.completeThrowable(CompletableFuture.java:319)
	at java.base/java.util.concurrent.CompletableFuture$UniAccept.tryFire(CompletableFuture.java:718)
	at java.base/java.util.concurrent.CompletableFuture.postComplete(CompletableFuture.java:506)
	at java.base/java.util.concurrent.CompletableFuture.complete(CompletableFuture.java:2137)
	at scala.meta.internal.metals.CancelTokens$.$anonfun$future$1(CancelTokens.scala:42)
	at scala.meta.internal.metals.CancelTokens$.$anonfun$future$1$adapted(CancelTokens.scala:38)
	at scala.concurrent.impl.CallbackRunnable.run(Promise.scala:64)
	at java.base/java.util.concurrent.ThreadPoolExecutor.runWorker(ThreadPoolExecutor.java:1130)
	at java.base/java.util.concurrent.ThreadPoolExecutor$Worker.run(ThreadPoolExecutor.java:630)
	at java.base/java.lang.Thread.run(Thread.java:832)
Caused by: java.lang.InterruptedException
	at scala.meta.internal.metals.FutureCancelToken.checkCanceled(FutureCancelToken.scala:29)
	at scala.meta.pc.VirtualFileParams.checkCanceled(VirtualFileParams.java:25)
	at scala.meta.internal.pc.CompletionProvider.$anonfun$completions$1(CompletionProvider.scala:77)
	at scala.collection.Iterator$$anon$10.next(Iterator.scala:461)
	at scala.collection.Iterator.toStream(Iterator.scala:1417)
	at scala.collection.Iterator.toStream$(Iterator.scala:1416)
	at scala.collection.AbstractIterator.toStream(Iterator.scala:1431)
	at scala.collection.Iterator.$anonfun$toStream$1(Iterator.scala:1417)
	at scala.collection.immutable.Stream$Cons.tail(Stream.scala:1173)
	at scala.collection.immutable.Stream$Cons.tail(Stream.scala:1163)
	at scala.collection.immutable.StreamIterator.$anonfun$next$1(Stream.scala:1061)
	at scala.collection.immutable.StreamIterator$LazyCell.v$lzycompute(Stream.scala:1050)
	at scala.collection.immutable.StreamIterator$LazyCell.v(Stream.scala:1050)
	at scala.collection.immutable.StreamIterator.hasNext(Stream.scala:1055)
	at scala.collection.convert.Wrappers$IteratorWrapper.hasNext(Wrappers.scala:31)
	at org.eclipse.lsp4j.jsonrpc.json.adapters.CollectionTypeAdapter.write(CollectionTypeAdapter.java:134)
	at org.eclipse.lsp4j.jsonrpc.json.adapters.CollectionTypeAdapter.write(CollectionTypeAdapter.java:40)
	at com.google.gson.internal.bind.TypeAdapterRuntimeTypeWrapper.write(TypeAdapterRuntimeTypeWrapper.java:69)
	at com.google.gson.internal.bind.ReflectiveTypeAdapterFactory$1.write(ReflectiveTypeAdapterFactory.java:125)
	at com.google.gson.internal.bind.ReflectiveTypeAdapterFactory$Adapter.write(ReflectiveTypeAdapterFactory.java:243)
	at com.google.gson.Gson.toJson(Gson.java:669)
	at org.eclipse.lsp4j.jsonrpc.json.adapters.MessageTypeAdapter.write(MessageTypeAdapter.java:423)
	at org.eclipse.lsp4j.jsonrpc.json.adapters.MessageTypeAdapter.write(MessageTypeAdapter.java:55)
	at com.google.gson.Gson.toJson(Gson.java:669)
	at com.google.gson.Gson.toJson(Gson.java:648)
	at org.eclipse.lsp4j.jsonrpc.json.MessageJsonHandler.serialize(MessageJsonHandler.java:145)
	at org.eclipse.lsp4j.jsonrpc.json.MessageJsonHandler.serialize(MessageJsonHandler.java:140)
	at org.eclipse.lsp4j.jsonrpc.json.StreamMessageConsumer.consume(StreamMessageConsumer.java:59)
	at org.eclipse.lsp4j.jsonrpc.RemoteEndpoint.lambda$handleRequest$1(RemoteEndpoint.java:281)
	at java.base/java.util.concurrent.CompletableFuture$UniAccept.tryFire(CompletableFuture.java:714)
	... 8 more

something's wrong: no file:///home/silverest/Coding/adventOfCode2020/day4.scala in (String, <error>)RangePosition(file:///home/silverest/Coding/adventOfCode2020/day4.scala, 44, 44, 61)
2020.12.09 18:27:15 WARN  no build target for: /home/silverest/Coding/adventOfCode2020/day4.scala
2020.12.09 18:27:32 WARN  no build target for: /home/silverest/Coding/adventOfCode2020/day4.scala
something's wrong: no file:///home/silverest/Coding/adventOfCode2020/day4.scala in List[<error>]RangePosition(file:///home/silverest/Coding/adventOfCode2020/day4.scala, 39, 39, 53)
something's wrong: no file:///home/silverest/Coding/adventOfCode2020/day4.scala in List[<error>]RangePosition(file:///home/silverest/Coding/adventOfCode2020/day4.scala, 39, 39, 55)
something's wrong: no file:///home/silverest/Coding/adventOfCode2020/day4.scala in (String, <error>)RangePosition(file:///home/silverest/Coding/adventOfCode2020/day4.scala, 44, 44, 61)
2020.12.09 18:32:12 WARN  no build target for: /home/silverest/Coding/adventOfCode2020/day4.scala
2020.12.09 18:32:32 WARN  no build target for: /home/silverest/Coding/adventOfCode2020/day4.scala
2020.12.09 18:32:53 WARN  no build target for: /home/silverest/Coding/adventOfCode2020/day4.scala
2020.12.09 18:36:43 WARN  no build target for: /home/silverest/Coding/adventOfCode2020/day4.scala
2020.12.09 18:40:44 WARN  no build target for: /home/silverest/Coding/adventOfCode2020/day4.scala
2020.12.09 18:45:33 WARN  no build target for: /home/silverest/Coding/adventOfCode2020/day4.scala
2020.12.09 18:45:40 INFO  started: Metals version 0.9.4 in workspace '/home/silverest/Coding/adventOfCode2020' .
2020.12.09 18:45:42 INFO  time: initialize in 1.2s
2020.12.09 18:45:46 WARN  no build tool detected in workspace '/home/silverest/Coding/adventOfCode2020'. The most common cause for this problem is that the editor was opened in the wrong working directory, for example if you use sbt then the workspace directory should contain build.sbt. 
2020.12.09 18:45:48 INFO  no build target: using presentation compiler with only scala-library
2020.12.09 18:45:48 WARN  no build target for: /home/silverest/Coding/adventOfCode2020/day4.scala
2020.12.09 18:47:53 WARN  no build target for: /home/silverest/Coding/adventOfCode2020/day4.scala
2020.12.09 18:48:07 INFO  started: Metals version 0.9.4 in workspace '/home/silverest/Coding/adventOfCode2020' .
2020.12.09 18:48:08 INFO  time: initialize in 1.24s
2020.12.09 18:48:12 WARN  no build tool detected in workspace '/home/silverest/Coding/adventOfCode2020'. The most common cause for this problem is that the editor was opened in the wrong working directory, for example if you use sbt then the workspace directory should contain build.sbt. 
2020.12.09 18:48:33 INFO  started: Metals version 0.9.4 in workspace '/home/silverest/Coding/adventOfCode2020' .
2020.12.09 18:48:34 INFO  time: initialize in 1.45s
2020.12.09 18:48:38 WARN  no build tool detected in workspace '/home/silverest/Coding/adventOfCode2020'. The most common cause for this problem is that the editor was opened in the wrong working directory, for example if you use sbt then the workspace directory should contain build.sbt. 
2020.12.09 18:48:41 INFO  no build target: using presentation compiler with only scala-library
2020.12.09 18:48:41 WARN  no build target for: /home/silverest/Coding/adventOfCode2020/day4.scala
2020.12.09 18:50:54 WARN  no build target for: /home/silverest/Coding/adventOfCode2020/day4.scala
2020.12.09 18:53:02 WARN  no build target for: /home/silverest/Coding/adventOfCode2020/day4.scala
2020.12.09 18:53:24 INFO  started: Metals version 0.9.4 in workspace '/home/silverest/Coding/adventOfCode2020' .
2020.12.09 18:53:25 INFO  time: initialize in 1.25s
2020.12.09 18:53:26 WARN  no build tool detected in workspace '/home/silverest/Coding/adventOfCode2020'. The most common cause for this problem is that the editor was opened in the wrong working directory, for example if you use sbt then the workspace directory should contain build.sbt. 
2020.12.09 18:53:29 INFO  no build target: using presentation compiler with only scala-library
2020.12.09 18:53:29 WARN  no build target for: /home/silverest/Coding/adventOfCode2020/day4.scala
2020.12.09 18:53:53 WARN  no build target for: /home/silverest/Coding/adventOfCode2020/day4.scala
2020.12.09 18:56:12 WARN  no build target for: /home/silverest/Coding/adventOfCode2020/day4.scala
2020.12.09 18:59:47 INFO  started: Metals version 0.9.4 in workspace '/home/silverest/Coding/adventOfCode2020' .
2020.12.09 18:59:49 INFO  time: initialize in 1.38s
2020.12.09 18:59:53 WARN  no build tool detected in workspace '/home/silverest/Coding/adventOfCode2020'. The most common cause for this problem is that the editor was opened in the wrong working directory, for example if you use sbt then the workspace directory should contain build.sbt. 
2020.12.09 18:59:55 INFO  no build target: using presentation compiler with only scala-library
2020.12.09 18:59:55 WARN  no build target for: /home/silverest/Coding/adventOfCode2020/day4.scala
2020.12.09 18:59:58 WARN  no build target for: /home/silverest/Coding/adventOfCode2020/day4.scala
2020.12.09 19:00:29 INFO  started: Metals version 0.9.4 in workspace '/home/silverest/Coding/adventOfCode2020' .
2020.12.09 19:00:31 INFO  time: initialize in 1.29s
2020.12.09 19:00:34 WARN  no build tool detected in workspace '/home/silverest/Coding/adventOfCode2020'. The most common cause for this problem is that the editor was opened in the wrong working directory, for example if you use sbt then the workspace directory should contain build.sbt. 
2020.12.09 19:00:37 INFO  no build target: using presentation compiler with only scala-library
2020.12.09 19:00:37 WARN  no build target for: /home/silverest/Coding/adventOfCode2020/day4.scala
2020.12.09 19:06:22 WARN  no build target for: /home/silverest/Coding/adventOfCode2020/day4.scala
2020.12.09 19:06:50 WARN  no build target for: /home/silverest/Coding/adventOfCode2020/day4.scala
2020.12.09 19:07:04 WARN  no build target for: /home/silverest/Coding/adventOfCode2020/day4.scala
2020.12.09 19:09:42 WARN  no build target for: /home/silverest/Coding/adventOfCode2020/day4.scala
2020.12.09 19:14:36 WARN  no build target for: /home/silverest/Coding/adventOfCode2020/day4.scala
2020.12.09 19:16:27 WARN  no build target for: /home/silverest/Coding/adventOfCode2020/day4.scala
2020.12.09 19:16:41 WARN  no build target for: /home/silverest/Coding/adventOfCode2020/day4.scala
2020.12.09 19:40:56 WARN  no build target for: /home/silverest/Coding/adventOfCode2020/day4.scala
2020.12.09 19:41:50 INFO  started: Metals version 0.9.4 in workspace '/home/silverest/Coding/adventOfCode2020' .
2020.12.09 19:41:51 INFO  time: initialize in 1.3s
2020.12.09 19:41:55 WARN  no build tool detected in workspace '/home/silverest/Coding/adventOfCode2020'. The most common cause for this problem is that the editor was opened in the wrong working directory, for example if you use sbt then the workspace directory should contain build.sbt. 
2020.12.09 19:41:57 INFO  no build target: using presentation compiler with only scala-library
2020.12.09 19:41:57 WARN  no build target for: /home/silverest/Coding/adventOfCode2020/day4.scala
Dec 09, 2020 7:41:58 PM org.eclipse.lsp4j.jsonrpc.RemoteEndpoint handleCancellation
WARNING: Unmatched cancel notification for request id 2
2020.12.09 19:41:57 WARN  no build target for: /home/silverest/Coding/adventOfCode2020/day4.scala
2020.12.09 19:43:31 INFO  started: Metals version 0.9.4 in workspace '/home/silverest/Coding/adventOfCode2020' .
2020.12.09 19:43:32 INFO  time: initialize in 1.19s
2020.12.09 19:43:32 WARN  no build tool detected in workspace '/home/silverest/Coding/adventOfCode2020'. The most common cause for this problem is that the editor was opened in the wrong working directory, for example if you use sbt then the workspace directory should contain build.sbt. 
2020.12.09 19:43:35 INFO  no build target: using presentation compiler with only scala-library
2020.12.09 19:43:35 WARN  no build target for: /home/silverest/Coding/adventOfCode2020/day4.scala
2020.12.09 19:43:36 WARN  no build target for: /home/silverest/Coding/adventOfCode2020/day4.scala
2020.12.09 19:48:52 INFO  started: Metals version 0.9.4 in workspace '/home/silverest/Coding/adventOfCode2020' .
2020.12.09 19:48:53 INFO  time: initialize in 1.23s
2020.12.09 19:48:57 WARN  no build tool detected in workspace '/home/silverest/Coding/adventOfCode2020'. The most common cause for this problem is that the editor was opened in the wrong working directory, for example if you use sbt then the workspace directory should contain build.sbt. 
2020.12.09 19:48:59 INFO  no build target: using presentation compiler with only scala-library
2020.12.09 19:48:59 WARN  no build target for: /home/silverest/Coding/adventOfCode2020/day4.scala
2020.12.09 19:49:10 WARN  no build target for: /home/silverest/Coding/adventOfCode2020/day4.scala
2020.12.09 19:51:52 INFO  started: Metals version 0.9.4 in workspace '/home/silverest/Coding/adventOfCode2020' .
2020.12.09 19:51:54 INFO  time: initialize in 1.3s
2020.12.09 19:51:58 WARN  no build tool detected in workspace '/home/silverest/Coding/adventOfCode2020'. The most common cause for this problem is that the editor was opened in the wrong working directory, for example if you use sbt then the workspace directory should contain build.sbt. 
2020.12.09 19:52:00 INFO  no build target: using presentation compiler with only scala-library
2020.12.09 19:52:00 WARN  no build target for: /home/silverest/Coding/adventOfCode2020/day4.scala
2020.12.09 19:52:24 WARN  no build target for: /home/silverest/Coding/adventOfCode2020/day4.scala
2020.12.09 19:52:26 WARN  no build target for: /home/silverest/Coding/adventOfCode2020/day4.scala
2020.12.09 19:52:51 INFO  started: Metals version 0.9.4 in workspace '/home/silverest/Coding/adventOfCode2020' .
2020.12.09 19:52:52 INFO  time: initialize in 1.21s
2020.12.09 19:52:56 WARN  no build tool detected in workspace '/home/silverest/Coding/adventOfCode2020'. The most common cause for this problem is that the editor was opened in the wrong working directory, for example if you use sbt then the workspace directory should contain build.sbt. 
2020.12.09 19:52:59 INFO  no build target: using presentation compiler with only scala-library
2020.12.09 19:52:59 WARN  no build target for: /home/silverest/Coding/adventOfCode2020/day4.scala
2020.12.09 19:53:13 WARN  no build target for: /home/silverest/Coding/adventOfCode2020/day4.scala
2020.12.09 19:53:42 INFO  started: Metals version 0.9.4 in workspace '/home/silverest/Coding/adventOfCode2020' .
2020.12.09 19:53:43 INFO  time: initialize in 1.34s
2020.12.09 19:53:47 WARN  no build tool detected in workspace '/home/silverest/Coding/adventOfCode2020'. The most common cause for this problem is that the editor was opened in the wrong working directory, for example if you use sbt then the workspace directory should contain build.sbt. 
2020.12.09 19:53:50 INFO  no build target: using presentation compiler with only scala-library
2020.12.09 19:53:50 WARN  no build target for: /home/silverest/Coding/adventOfCode2020/day4.scala
2020.12.09 19:55:06 WARN  no build target for: /home/silverest/Coding/adventOfCode2020/day4.scala
2020.12.09 19:55:17 INFO  started: Metals version 0.9.4 in workspace '/home/silverest/Coding/adventOfCode2020' .
2020.12.09 19:55:18 INFO  time: initialize in 1.18s
2020.12.09 19:55:31 INFO  started: Metals version 0.9.4 in workspace '/home/silverest/Coding/adventOfCode2020' .
2020.12.09 19:55:32 INFO  time: initialize in 1.32s
2020.12.09 19:55:36 WARN  no build tool detected in workspace '/home/silverest/Coding/adventOfCode2020'. The most common cause for this problem is that the editor was opened in the wrong working directory, for example if you use sbt then the workspace directory should contain build.sbt. 
2020.12.09 19:55:39 INFO  no build target: using presentation compiler with only scala-library
2020.12.09 19:55:39 WARN  no build target for: /home/silverest/Coding/adventOfCode2020/day4.scala
2020.12.09 19:56:02 INFO  started: Metals version 0.9.4 in workspace '/home/silverest/Coding/adventOfCode2020' .
2020.12.09 19:56:03 INFO  time: initialize in 1.42s
2020.12.09 19:56:07 WARN  no build tool detected in workspace '/home/silverest/Coding/adventOfCode2020'. The most common cause for this problem is that the editor was opened in the wrong working directory, for example if you use sbt then the workspace directory should contain build.sbt. 
2020.12.09 19:56:10 INFO  no build target: using presentation compiler with only scala-library
2020.12.09 19:56:10 WARN  no build target for: /home/silverest/Coding/adventOfCode2020/day4.scala
2020.12.09 19:56:22 WARN  no build target for: /home/silverest/Coding/adventOfCode2020/day4.scala
2020.12.09 19:56:44 INFO  started: Metals version 0.9.4 in workspace '/home/silverest/Coding/adventOfCode2020' .
2020.12.09 19:56:45 INFO  time: initialize in 1.24s
2020.12.09 19:56:49 WARN  no build tool detected in workspace '/home/silverest/Coding/adventOfCode2020'. The most common cause for this problem is that the editor was opened in the wrong working directory, for example if you use sbt then the workspace directory should contain build.sbt. 
2020.12.09 19:56:52 INFO  no build target: using presentation compiler with only scala-library
2020.12.09 19:56:52 WARN  no build target for: /home/silverest/Coding/adventOfCode2020/day4.scala
2020.12.09 19:57:38 WARN  no build target for: /home/silverest/Coding/adventOfCode2020/day4.scala
2020.12.09 19:57:48 INFO  started: Metals version 0.9.4 in workspace '/home/silverest/Coding/adventOfCode2020' .
2020.12.09 19:57:49 INFO  time: initialize in 1.24s
2020.12.09 19:57:53 WARN  no build tool detected in workspace '/home/silverest/Coding/adventOfCode2020'. The most common cause for this problem is that the editor was opened in the wrong working directory, for example if you use sbt then the workspace directory should contain build.sbt. 
2020.12.09 19:57:55 INFO  no build target: using presentation compiler with only scala-library
2020.12.09 19:57:55 WARN  no build target for: /home/silverest/Coding/adventOfCode2020/day4.scala
2020.12.09 20:04:16 WARN  no build target for: /home/silverest/Coding/adventOfCode2020/day4.scala
2020.12.09 20:54:00 INFO  started: Metals version 0.9.4 in workspace '/home/silverest/Coding/adventOfCode2020' .
2020.12.09 20:54:01 INFO  time: initialize in 1.41s
2020.12.09 20:54:05 WARN  no build tool detected in workspace '/home/silverest/Coding/adventOfCode2020'. The most common cause for this problem is that the editor was opened in the wrong working directory, for example if you use sbt then the workspace directory should contain build.sbt. 
2020.12.09 20:54:08 INFO  no build target: using presentation compiler with only scala-library
2020.12.09 20:54:08 WARN  no build target for: /home/silverest/Coding/adventOfCode2020/day4.scala
2020.12.09 20:54:15 WARN  no build target for: /home/silverest/Coding/adventOfCode2020/day4.scala
java.util.concurrent.RejectedExecutionException: Task scala.concurrent.impl.CallbackRunnable@1121ad0 rejected from java.util.concurrent.ThreadPoolExecutor@39823989[Shutting down, pool size = 1, active threads = 1, queued tasks = 0, completed tasks = 42]
	at java.base/java.util.concurrent.ThreadPoolExecutor$AbortPolicy.rejectedExecution(ThreadPoolExecutor.java:2057)
	at java.base/java.util.concurrent.ThreadPoolExecutor.reject(ThreadPoolExecutor.java:827)
	at java.base/java.util.concurrent.ThreadPoolExecutor.execute(ThreadPoolExecutor.java:1357)
	at scala.concurrent.impl.ExecutionContextImpl$$anon$4.execute(ExecutionContextImpl.scala:138)
	at scala.concurrent.impl.CallbackRunnable.executeWithValue(Promise.scala:72)
	at scala.concurrent.impl.Promise$DefaultPromise.$anonfun$tryComplete$1(Promise.scala:288)
	at scala.concurrent.impl.Promise$DefaultPromise.$anonfun$tryComplete$1$adapted(Promise.scala:288)
	at scala.concurrent.impl.Promise$DefaultPromise.tryComplete(Promise.scala:288)
	at scala.concurrent.Promise.complete(Promise.scala:53)
	at scala.concurrent.Promise.complete$(Promise.scala:52)
	at scala.concurrent.impl.Promise$DefaultPromise.complete(Promise.scala:187)
	at scala.concurrent.impl.Promise.$anonfun$transform$1(Promise.scala:33)
	at scala.concurrent.impl.CallbackRunnable.run(Promise.scala:64)
	at java.base/java.util.concurrent.ThreadPoolExecutor.runWorker(ThreadPoolExecutor.java:1130)
	at java.base/java.util.concurrent.ThreadPoolExecutor$Worker.run(ThreadPoolExecutor.java:630)
	at java.base/java.lang.Thread.run(Thread.java:832)
2020.12.09 22:16:59 INFO  started: Metals version 0.9.4 in workspace '/home/silverest/Coding/adventOfCode2020' .
2020.12.09 22:17:01 INFO  time: initialize in 1.54s
2020.12.09 22:17:02 WARN  no build tool detected in workspace '/home/silverest/Coding/adventOfCode2020'. The most common cause for this problem is that the editor was opened in the wrong working directory, for example if you use sbt then the workspace directory should contain build.sbt. 
Dec 09, 2020 10:17:02 PM org.eclipse.lsp4j.jsonrpc.RemoteEndpoint handleNotification
WARNING: Notification threw an exception: {
  "jsonrpc": "2.0",
  "method": "textDocument/didOpen",
  "params": {
    "textDocument": {
      "uri": "file:///home/silverest/Coding/adventOfCode2020/day5.scala",
      "languageId": "scala",
      "version": 1,
      "text": "\n"
    }
  }
}
java.lang.RuntimeException: java.lang.reflect.InvocationTargetException
	at org.eclipse.lsp4j.jsonrpc.services.GenericEndpoint.lambda$null$0(GenericEndpoint.java:67)
	at org.eclipse.lsp4j.jsonrpc.services.GenericEndpoint.notify(GenericEndpoint.java:152)
	at org.eclipse.lsp4j.jsonrpc.RemoteEndpoint.handleNotification(RemoteEndpoint.java:220)
	at org.eclipse.lsp4j.jsonrpc.RemoteEndpoint.consume(RemoteEndpoint.java:187)
	at org.eclipse.lsp4j.jsonrpc.json.StreamMessageProducer.handleMessage(StreamMessageProducer.java:194)
	at org.eclipse.lsp4j.jsonrpc.json.StreamMessageProducer.listen(StreamMessageProducer.java:94)
	at org.eclipse.lsp4j.jsonrpc.json.ConcurrentMessageProcessor.run(ConcurrentMessageProcessor.java:113)
	at java.base/java.util.concurrent.Executors$RunnableAdapter.call(Executors.java:515)
	at java.base/java.util.concurrent.FutureTask.run(FutureTask.java:264)
	at java.base/java.util.concurrent.ThreadPoolExecutor.runWorker(ThreadPoolExecutor.java:1130)
	at java.base/java.util.concurrent.ThreadPoolExecutor$Worker.run(ThreadPoolExecutor.java:630)
	at java.base/java.lang.Thread.run(Thread.java:832)
Caused by: java.lang.reflect.InvocationTargetException
	at java.base/jdk.internal.reflect.NativeMethodAccessorImpl.invoke0(Native Method)
	at java.base/jdk.internal.reflect.NativeMethodAccessorImpl.invoke(NativeMethodAccessorImpl.java:64)
	at java.base/jdk.internal.reflect.DelegatingMethodAccessorImpl.invoke(DelegatingMethodAccessorImpl.java:43)
	at java.base/java.lang.reflect.Method.invoke(Method.java:564)
	at org.eclipse.lsp4j.jsonrpc.services.GenericEndpoint.lambda$null$0(GenericEndpoint.java:65)
	... 11 more
Caused by: java.nio.file.NoSuchFileException: /home/silverest/Coding/adventOfCode2020/day5.scala
	at java.base/sun.nio.fs.UnixException.translateToIOException(UnixException.java:92)
	at java.base/sun.nio.fs.UnixException.rethrowAsIOException(UnixException.java:106)
	at java.base/sun.nio.fs.UnixException.rethrowAsIOException(UnixException.java:111)
	at java.base/sun.nio.fs.UnixFileSystemProvider.newByteChannel(UnixFileSystemProvider.java:218)
	at java.base/java.nio.file.Files.newByteChannel(Files.java:375)
	at java.base/java.nio.file.Files.newByteChannel(Files.java:426)
	at java.base/java.nio.file.Files.readAllBytes(Files.java:3272)
	at scala.meta.internal.io.PlatformFileIO$.slurp(PlatformFileIO.scala:45)
	at scala.meta.internal.io.FileIO$.slurp(FileIO.scala:24)
	at scala.meta.internal.metals.MetalsLanguageServer.didOpen(MetalsLanguageServer.scala:804)
	... 16 more

2020.12.09 22:18:02 INFO  no build target: using presentation compiler with only scala-library
2020.12.09 22:20:01 WARN  no build target for: /home/silverest/Coding/adventOfCode2020/day5.scala
2020.12.09 22:22:16 INFO  started: Metals version 0.9.4 in workspace '/home/silverest/Coding/adventOfCode2020' .
2020.12.09 22:22:17 INFO  time: initialize in 1.81s
2020.12.09 22:22:18 WARN  no build tool detected in workspace '/home/silverest/Coding/adventOfCode2020'. The most common cause for this problem is that the editor was opened in the wrong working directory, for example if you use sbt then the workspace directory should contain build.sbt. 
2020.12.09 22:22:21 INFO  no build target: using presentation compiler with only scala-library
2020.12.09 22:22:21 WARN  no build target for: /home/silverest/Coding/adventOfCode2020/day5.scala
2020.12.09 22:25:52 WARN  no build target for: /home/silverest/Coding/adventOfCode2020/day5.scala
2020.12.09 22:26:42 WARN  no build target for: /home/silverest/Coding/adventOfCode2020/day5.scala
2020.12.09 22:27:43 WARN  no build target for: /home/silverest/Coding/adventOfCode2020/day5.scala
2020.12.09 22:29:44 WARN  no build target for: /home/silverest/Coding/adventOfCode2020/day5.scala
2020.12.09 22:32:37 INFO  started: Metals version 0.9.4 in workspace '/home/silverest/Coding/adventOfCode2020' .
2020.12.09 22:32:39 INFO  time: initialize in 1.62s
2020.12.09 22:32:40 WARN  no build tool detected in workspace '/home/silverest/Coding/adventOfCode2020'. The most common cause for this problem is that the editor was opened in the wrong working directory, for example if you use sbt then the workspace directory should contain build.sbt. 
2020.12.09 22:32:43 INFO  no build target: using presentation compiler with only scala-library
2020.12.09 22:32:43 WARN  no build target for: /home/silverest/Coding/adventOfCode2020/day5.scala
something's wrong: no file:///home/silverest/Coding/adventOfCode2020/day5.scala in (Int, <error>)RangePosition(file:///home/silverest/Coding/adventOfCode2020/day5.scala, 75, 75, 89)
Dec 09, 2020 10:38:09 PM org.eclipse.lsp4j.jsonrpc.RemoteEndpoint fallbackResponseError
SEVERE: Internal error: java.lang.InterruptedException
java.util.concurrent.CompletionException: java.lang.InterruptedException
	at java.base/java.util.concurrent.CompletableFuture.encodeThrowable(CompletableFuture.java:314)
	at java.base/java.util.concurrent.CompletableFuture.completeThrowable(CompletableFuture.java:319)
	at java.base/java.util.concurrent.CompletableFuture$UniAccept.tryFire(CompletableFuture.java:718)
	at java.base/java.util.concurrent.CompletableFuture.postComplete(CompletableFuture.java:506)
	at java.base/java.util.concurrent.CompletableFuture.complete(CompletableFuture.java:2137)
	at scala.meta.internal.metals.CancelTokens$.$anonfun$future$1(CancelTokens.scala:42)
	at scala.meta.internal.metals.CancelTokens$.$anonfun$future$1$adapted(CancelTokens.scala:38)
	at scala.concurrent.impl.CallbackRunnable.run(Promise.scala:64)
	at java.base/java.util.concurrent.ThreadPoolExecutor.runWorker(ThreadPoolExecutor.java:1130)
	at java.base/java.util.concurrent.ThreadPoolExecutor$Worker.run(ThreadPoolExecutor.java:630)
	at java.base/java.lang.Thread.run(Thread.java:832)
Caused by: java.lang.InterruptedException
	at scala.meta.internal.metals.FutureCancelToken.checkCanceled(FutureCancelToken.scala:29)
	at scala.meta.pc.VirtualFileParams.checkCanceled(VirtualFileParams.java:25)
	at scala.meta.internal.pc.CompletionProvider.$anonfun$completions$1(CompletionProvider.scala:77)
	at scala.collection.Iterator$$anon$10.next(Iterator.scala:461)
	at scala.collection.Iterator.toStream(Iterator.scala:1417)
	at scala.collection.Iterator.toStream$(Iterator.scala:1416)
	at scala.collection.AbstractIterator.toStream(Iterator.scala:1431)
	at scala.collection.Iterator.$anonfun$toStream$1(Iterator.scala:1417)
	at scala.collection.immutable.Stream$Cons.tail(Stream.scala:1173)
	at scala.collection.immutable.Stream$Cons.tail(Stream.scala:1163)
	at scala.collection.immutable.StreamIterator.$anonfun$next$1(Stream.scala:1061)
	at scala.collection.immutable.StreamIterator$LazyCell.v$lzycompute(Stream.scala:1050)
	at scala.collection.immutable.StreamIterator$LazyCell.v(Stream.scala:1050)
	at scala.collection.immutable.StreamIterator.hasNext(Stream.scala:1055)
	at scala.collection.convert.Wrappers$IteratorWrapper.hasNext(Wrappers.scala:31)
	at org.eclipse.lsp4j.jsonrpc.json.adapters.CollectionTypeAdapter.write(CollectionTypeAdapter.java:134)
	at org.eclipse.lsp4j.jsonrpc.json.adapters.CollectionTypeAdapter.write(CollectionTypeAdapter.java:40)
	at com.google.gson.internal.bind.TypeAdapterRuntimeTypeWrapper.write(TypeAdapterRuntimeTypeWrapper.java:69)
	at com.google.gson.internal.bind.ReflectiveTypeAdapterFactory$1.write(ReflectiveTypeAdapterFactory.java:125)
	at com.google.gson.internal.bind.ReflectiveTypeAdapterFactory$Adapter.write(ReflectiveTypeAdapterFactory.java:243)
	at com.google.gson.Gson.toJson(Gson.java:669)
	at org.eclipse.lsp4j.jsonrpc.json.adapters.MessageTypeAdapter.write(MessageTypeAdapter.java:423)
	at org.eclipse.lsp4j.jsonrpc.json.adapters.MessageTypeAdapter.write(MessageTypeAdapter.java:55)
	at com.google.gson.Gson.toJson(Gson.java:669)
	at com.google.gson.Gson.toJson(Gson.java:648)
	at org.eclipse.lsp4j.jsonrpc.json.MessageJsonHandler.serialize(MessageJsonHandler.java:145)
	at org.eclipse.lsp4j.jsonrpc.json.MessageJsonHandler.serialize(MessageJsonHandler.java:140)
	at org.eclipse.lsp4j.jsonrpc.json.StreamMessageConsumer.consume(StreamMessageConsumer.java:59)
	at org.eclipse.lsp4j.jsonrpc.RemoteEndpoint.lambda$handleRequest$1(RemoteEndpoint.java:281)
	at java.base/java.util.concurrent.CompletableFuture$UniAccept.tryFire(CompletableFuture.java:714)
	... 8 more

Dec 09, 2020 10:38:52 PM org.eclipse.lsp4j.jsonrpc.RemoteEndpoint fallbackResponseError
SEVERE: Internal error: java.lang.InterruptedException
java.util.concurrent.CompletionException: java.lang.InterruptedException
	at java.base/java.util.concurrent.CompletableFuture.encodeThrowable(CompletableFuture.java:314)
	at java.base/java.util.concurrent.CompletableFuture.completeThrowable(CompletableFuture.java:319)
	at java.base/java.util.concurrent.CompletableFuture$UniAccept.tryFire(CompletableFuture.java:718)
	at java.base/java.util.concurrent.CompletableFuture.postComplete(CompletableFuture.java:506)
	at java.base/java.util.concurrent.CompletableFuture.complete(CompletableFuture.java:2137)
	at scala.meta.internal.metals.CancelTokens$.$anonfun$future$1(CancelTokens.scala:42)
	at scala.meta.internal.metals.CancelTokens$.$anonfun$future$1$adapted(CancelTokens.scala:38)
	at scala.concurrent.impl.CallbackRunnable.run(Promise.scala:64)
	at java.base/java.util.concurrent.ThreadPoolExecutor.runWorker(ThreadPoolExecutor.java:1130)
	at java.base/java.util.concurrent.ThreadPoolExecutor$Worker.run(ThreadPoolExecutor.java:630)
	at java.base/java.lang.Thread.run(Thread.java:832)
Caused by: java.lang.InterruptedException
	at scala.meta.internal.metals.FutureCancelToken.checkCanceled(FutureCancelToken.scala:29)
	at scala.meta.pc.VirtualFileParams.checkCanceled(VirtualFileParams.java:25)
	at scala.meta.internal.pc.CompletionProvider.$anonfun$completions$1(CompletionProvider.scala:77)
	at scala.collection.Iterator$$anon$10.next(Iterator.scala:461)
	at scala.collection.Iterator.toStream(Iterator.scala:1417)
	at scala.collection.Iterator.toStream$(Iterator.scala:1416)
	at scala.collection.AbstractIterator.toStream(Iterator.scala:1431)
	at scala.collection.Iterator.$anonfun$toStream$1(Iterator.scala:1417)
	at scala.collection.immutable.Stream$Cons.tail(Stream.scala:1173)
	at scala.collection.immutable.Stream$Cons.tail(Stream.scala:1163)
	at scala.collection.immutable.StreamIterator.$anonfun$next$1(Stream.scala:1061)
	at scala.collection.immutable.StreamIterator$LazyCell.v$lzycompute(Stream.scala:1050)
	at scala.collection.immutable.StreamIterator$LazyCell.v(Stream.scala:1050)
	at scala.collection.immutable.StreamIterator.hasNext(Stream.scala:1055)
	at scala.collection.convert.Wrappers$IteratorWrapper.hasNext(Wrappers.scala:31)
	at org.eclipse.lsp4j.jsonrpc.json.adapters.CollectionTypeAdapter.write(CollectionTypeAdapter.java:134)
	at org.eclipse.lsp4j.jsonrpc.json.adapters.CollectionTypeAdapter.write(CollectionTypeAdapter.java:40)
	at com.google.gson.internal.bind.TypeAdapterRuntimeTypeWrapper.write(TypeAdapterRuntimeTypeWrapper.java:69)
	at com.google.gson.internal.bind.ReflectiveTypeAdapterFactory$1.write(ReflectiveTypeAdapterFactory.java:125)
	at com.google.gson.internal.bind.ReflectiveTypeAdapterFactory$Adapter.write(ReflectiveTypeAdapterFactory.java:243)
	at com.google.gson.Gson.toJson(Gson.java:669)
	at org.eclipse.lsp4j.jsonrpc.json.adapters.MessageTypeAdapter.write(MessageTypeAdapter.java:423)
	at org.eclipse.lsp4j.jsonrpc.json.adapters.MessageTypeAdapter.write(MessageTypeAdapter.java:55)
	at com.google.gson.Gson.toJson(Gson.java:669)
	at com.google.gson.Gson.toJson(Gson.java:648)
	at org.eclipse.lsp4j.jsonrpc.json.MessageJsonHandler.serialize(MessageJsonHandler.java:145)
	at org.eclipse.lsp4j.jsonrpc.json.MessageJsonHandler.serialize(MessageJsonHandler.java:140)
	at org.eclipse.lsp4j.jsonrpc.json.StreamMessageConsumer.consume(StreamMessageConsumer.java:59)
	at org.eclipse.lsp4j.jsonrpc.RemoteEndpoint.lambda$handleRequest$1(RemoteEndpoint.java:281)
	at java.base/java.util.concurrent.CompletableFuture$UniAccept.tryFire(CompletableFuture.java:714)
	... 8 more

something's wrong: no file:///home/silverest/Coding/adventOfCode2020/day5.scala in List[<error>]RangePosition(file:///home/silverest/Coding/adventOfCode2020/day5.scala, 56, 56, 70)
something's wrong: no file:///home/silverest/Coding/adventOfCode2020/day5.scala in List[<error>]RangePosition(file:///home/silverest/Coding/adventOfCode2020/day5.scala, 100, 100, 114)
something's wrong: no file:///home/silverest/Coding/adventOfCode2020/day5.scala in (Int, <error>)RangePosition(file:///home/silverest/Coding/adventOfCode2020/day5.scala, 274, 274, 288)
2020.12.09 22:55:45 WARN  no build target for: /home/silverest/Coding/adventOfCode2020/day5.scala
2020.12.09 22:56:07 INFO  started: Metals version 0.9.4 in workspace '/home/silverest/Coding/adventOfCode2020' .
2020.12.09 22:56:09 INFO  time: initialize in 1.6s
2020.12.09 22:56:13 WARN  no build tool detected in workspace '/home/silverest/Coding/adventOfCode2020'. The most common cause for this problem is that the editor was opened in the wrong working directory, for example if you use sbt then the workspace directory should contain build.sbt. 
2020.12.09 22:56:16 INFO  no build target: using presentation compiler with only scala-library
2020.12.09 22:56:16 WARN  no build target for: /home/silverest/Coding/adventOfCode2020/day5.scala
2020.12.09 22:57:32 WARN  no build target for: /home/silverest/Coding/adventOfCode2020/day5.scala
2020.12.09 22:58:51 WARN  no build target for: /home/silverest/Coding/adventOfCode2020/day5.scala
something's wrong: no file:///home/silverest/Coding/adventOfCode2020/day5.scala in List[<error>]RangePosition(file:///home/silverest/Coding/adventOfCode2020/day5.scala, 601, 601, 615)
something's wrong: no file:///home/silverest/Coding/adventOfCode2020/day5.scala in (Int, <error>)RangePosition(file:///home/silverest/Coding/adventOfCode2020/day5.scala, 617, 617, 631)
Dec 09, 2020 11:05:05 PM org.eclipse.lsp4j.jsonrpc.RemoteEndpoint fallbackResponseError
SEVERE: Internal error: java.lang.InterruptedException
java.util.concurrent.CompletionException: java.lang.InterruptedException
	at java.base/java.util.concurrent.CompletableFuture.encodeThrowable(CompletableFuture.java:314)
	at java.base/java.util.concurrent.CompletableFuture.completeThrowable(CompletableFuture.java:319)
	at java.base/java.util.concurrent.CompletableFuture$UniAccept.tryFire(CompletableFuture.java:718)
	at java.base/java.util.concurrent.CompletableFuture.postComplete(CompletableFuture.java:506)
	at java.base/java.util.concurrent.CompletableFuture.complete(CompletableFuture.java:2137)
	at scala.meta.internal.metals.CancelTokens$.$anonfun$future$1(CancelTokens.scala:42)
	at scala.meta.internal.metals.CancelTokens$.$anonfun$future$1$adapted(CancelTokens.scala:38)
	at scala.concurrent.impl.CallbackRunnable.run(Promise.scala:64)
	at java.base/java.util.concurrent.ThreadPoolExecutor.runWorker(ThreadPoolExecutor.java:1130)
	at java.base/java.util.concurrent.ThreadPoolExecutor$Worker.run(ThreadPoolExecutor.java:630)
	at java.base/java.lang.Thread.run(Thread.java:832)
Caused by: java.lang.InterruptedException
	at scala.meta.internal.metals.FutureCancelToken.checkCanceled(FutureCancelToken.scala:29)
	at scala.meta.pc.VirtualFileParams.checkCanceled(VirtualFileParams.java:25)
	at scala.meta.internal.pc.CompletionProvider.$anonfun$completions$1(CompletionProvider.scala:77)
	at scala.collection.Iterator$$anon$10.next(Iterator.scala:461)
	at scala.collection.Iterator.toStream(Iterator.scala:1417)
	at scala.collection.Iterator.toStream$(Iterator.scala:1416)
	at scala.collection.AbstractIterator.toStream(Iterator.scala:1431)
	at scala.collection.Iterator.$anonfun$toStream$1(Iterator.scala:1417)
	at scala.collection.immutable.Stream$Cons.tail(Stream.scala:1173)
	at scala.collection.immutable.Stream$Cons.tail(Stream.scala:1163)
	at scala.collection.immutable.StreamIterator.$anonfun$next$1(Stream.scala:1061)
	at scala.collection.immutable.StreamIterator$LazyCell.v$lzycompute(Stream.scala:1050)
	at scala.collection.immutable.StreamIterator$LazyCell.v(Stream.scala:1050)
	at scala.collection.immutable.StreamIterator.hasNext(Stream.scala:1055)
	at scala.collection.convert.Wrappers$IteratorWrapper.hasNext(Wrappers.scala:31)
	at org.eclipse.lsp4j.jsonrpc.json.adapters.CollectionTypeAdapter.write(CollectionTypeAdapter.java:134)
	at org.eclipse.lsp4j.jsonrpc.json.adapters.CollectionTypeAdapter.write(CollectionTypeAdapter.java:40)
	at com.google.gson.internal.bind.TypeAdapterRuntimeTypeWrapper.write(TypeAdapterRuntimeTypeWrapper.java:69)
	at com.google.gson.internal.bind.ReflectiveTypeAdapterFactory$1.write(ReflectiveTypeAdapterFactory.java:125)
	at com.google.gson.internal.bind.ReflectiveTypeAdapterFactory$Adapter.write(ReflectiveTypeAdapterFactory.java:243)
	at com.google.gson.Gson.toJson(Gson.java:669)
	at org.eclipse.lsp4j.jsonrpc.json.adapters.MessageTypeAdapter.write(MessageTypeAdapter.java:423)
	at org.eclipse.lsp4j.jsonrpc.json.adapters.MessageTypeAdapter.write(MessageTypeAdapter.java:55)
	at com.google.gson.Gson.toJson(Gson.java:669)
	at com.google.gson.Gson.toJson(Gson.java:648)
	at org.eclipse.lsp4j.jsonrpc.json.MessageJsonHandler.serialize(MessageJsonHandler.java:145)
	at org.eclipse.lsp4j.jsonrpc.json.MessageJsonHandler.serialize(MessageJsonHandler.java:140)
	at org.eclipse.lsp4j.jsonrpc.json.StreamMessageConsumer.consume(StreamMessageConsumer.java:59)
	at org.eclipse.lsp4j.jsonrpc.RemoteEndpoint.lambda$handleRequest$1(RemoteEndpoint.java:281)
	at java.base/java.util.concurrent.CompletableFuture$UniAccept.tryFire(CompletableFuture.java:714)
	... 8 more

something's wrong: no file:///home/silverest/Coding/adventOfCode2020/day5.scala in (Int, <error>)RangePosition(file:///home/silverest/Coding/adventOfCode2020/day5.scala, 793, 793, 807)
2020.12.09 23:10:46 WARN  no build target for: /home/silverest/Coding/adventOfCode2020/day5.scala
2020.12.09 23:12:06 WARN  no build target for: /home/silverest/Coding/adventOfCode2020/day5.scala
2020.12.09 23:12:29 WARN  no build target for: /home/silverest/Coding/adventOfCode2020/day5.scala
2020.12.09 23:12:48 WARN  no build target for: /home/silverest/Coding/adventOfCode2020/day5.scala
2020.12.09 23:13:20 WARN  no build target for: /home/silverest/Coding/adventOfCode2020/day5.scala
2020.12.09 23:13:59 WARN  no build target for: /home/silverest/Coding/adventOfCode2020/day5.scala
2020.12.09 23:14:03 WARN  no build target for: /home/silverest/Coding/adventOfCode2020/day5.scala
2020.12.09 23:14:53 WARN  no build target for: /home/silverest/Coding/adventOfCode2020/day5.scala
2020.12.09 23:17:55 WARN  no build target for: /home/silverest/Coding/adventOfCode2020/day5.scala
2020.12.09 23:18:15 WARN  no build target for: /home/silverest/Coding/adventOfCode2020/day5.scala
2020.12.09 23:19:32 INFO  started: Metals version 0.9.4 in workspace '/home/silverest/Coding/adventOfCode2020' .
2020.12.09 23:19:33 INFO  time: initialize in 1.49s
2020.12.09 23:19:34 WARN  no build tool detected in workspace '/home/silverest/Coding/adventOfCode2020'. The most common cause for this problem is that the editor was opened in the wrong working directory, for example if you use sbt then the workspace directory should contain build.sbt. 
2020.12.09 23:22:55 INFO  started: Metals version 0.9.4 in workspace '/home/silverest/Coding/adventOfCode2020' .
2020.12.09 23:22:57 INFO  time: initialize in 1.73s
2020.12.09 23:22:58 WARN  no build tool detected in workspace '/home/silverest/Coding/adventOfCode2020'. The most common cause for this problem is that the editor was opened in the wrong working directory, for example if you use sbt then the workspace directory should contain build.sbt. 
2020.12.09 23:23:01 INFO  no build target: using presentation compiler with only scala-library
2020.12.09 23:23:01 WARN  no build target for: /home/silverest/Coding/adventOfCode2020/day5.scala
2020.12.09 23:26:45 WARN  no build target for: /home/silverest/Coding/adventOfCode2020/day5.scala
2020.12.09 23:27:00 INFO  started: Metals version 0.9.4 in workspace '/home/silverest/Coding/adventOfCode2020' .
2020.12.09 23:27:02 INFO  time: initialize in 1.5s
2020.12.09 23:27:03 WARN  no build tool detected in workspace '/home/silverest/Coding/adventOfCode2020'. The most common cause for this problem is that the editor was opened in the wrong working directory, for example if you use sbt then the workspace directory should contain build.sbt. 
2020.12.09 23:27:48 INFO  started: Metals version 0.9.4 in workspace '/home/silverest/Coding/adventOfCode2020' .
2020.12.09 23:27:50 INFO  time: initialize in 1.78s
2020.12.09 23:27:51 WARN  no build tool detected in workspace '/home/silverest/Coding/adventOfCode2020'. The most common cause for this problem is that the editor was opened in the wrong working directory, for example if you use sbt then the workspace directory should contain build.sbt. 
2020.12.09 23:27:54 INFO  no build target: using presentation compiler with only scala-library
2020.12.09 23:27:54 WARN  no build target for: /home/silverest/Coding/adventOfCode2020/day5.scala
2020.12.09 23:27:54 WARN  no build target for: /home/silverest/Coding/adventOfCode2020/day5.scala
java.util.concurrent.RejectedExecutionException: Task scala.concurrent.impl.CallbackRunnable@41c8166c rejected from java.util.concurrent.ThreadPoolExecutor@5f2941f6[Shutting down, pool size = 3, active threads = 3, queued tasks = 0, completed tasks = 30]
	at java.base/java.util.concurrent.ThreadPoolExecutor$AbortPolicy.rejectedExecution(ThreadPoolExecutor.java:2057)
	at java.base/java.util.concurrent.ThreadPoolExecutor.reject(ThreadPoolExecutor.java:827)
	at java.base/java.util.concurrent.ThreadPoolExecutor.execute(ThreadPoolExecutor.java:1357)
	at scala.concurrent.impl.ExecutionContextImpl$$anon$4.execute(ExecutionContextImpl.scala:138)
	at scala.concurrent.impl.CallbackRunnable.executeWithValue(Promise.scala:72)
	at scala.concurrent.impl.Promise$DefaultPromise.$anonfun$tryComplete$1(Promise.scala:288)
	at scala.concurrent.impl.Promise$DefaultPromise.$anonfun$tryComplete$1$adapted(Promise.scala:288)
	at scala.concurrent.impl.Promise$DefaultPromise.tryComplete(Promise.scala:288)
	at scala.concurrent.Promise.complete(Promise.scala:53)
	at scala.concurrent.Promise.complete$(Promise.scala:52)
	at scala.concurrent.impl.Promise$DefaultPromise.complete(Promise.scala:187)
	at scala.concurrent.java8.FuturesConvertersImpl$P.accept(FutureConvertersImpl.scala:99)
	at scala.concurrent.java8.FuturesConvertersImpl$P.accept(FutureConvertersImpl.scala:97)
	at java.base/java.util.concurrent.CompletableFuture.uniWhenComplete(CompletableFuture.java:859)
	at java.base/java.util.concurrent.CompletableFuture$UniWhenComplete.tryFire(CompletableFuture.java:837)
	at java.base/java.util.concurrent.CompletableFuture.postComplete(CompletableFuture.java:506)
	at java.base/java.util.concurrent.CompletableFuture$AsyncSupply.run(CompletableFuture.java:1769)
	at java.base/java.util.concurrent.ThreadPoolExecutor.runWorker(ThreadPoolExecutor.java:1130)
	at java.base/java.util.concurrent.ThreadPoolExecutor$Worker.run(ThreadPoolExecutor.java:630)
	at java.base/java.lang.Thread.run(Thread.java:832)
java.util.concurrent.RejectedExecutionException: Task scala.concurrent.impl.CallbackRunnable@48e8e940 rejected from java.util.concurrent.ThreadPoolExecutor@5f2941f6[Shutting down, pool size = 3, active threads = 3, queued tasks = 0, completed tasks = 30]
	at java.base/java.util.concurrent.ThreadPoolExecutor$AbortPolicy.rejectedExecution(ThreadPoolExecutor.java:2057)
	at java.base/java.util.concurrent.ThreadPoolExecutor.reject(ThreadPoolExecutor.java:827)
	at java.base/java.util.concurrent.ThreadPoolExecutor.execute(ThreadPoolExecutor.java:1357)
	at scala.concurrent.impl.ExecutionContextImpl$$anon$4.execute(ExecutionContextImpl.scala:138)
	at scala.concurrent.impl.CallbackRunnable.executeWithValue(Promise.scala:72)
	at scala.concurrent.impl.Promise$DefaultPromise.$anonfun$tryComplete$1(Promise.scala:288)
	at scala.concurrent.impl.Promise$DefaultPromise.$anonfun$tryComplete$1$adapted(Promise.scala:288)
	at scala.concurrent.impl.Promise$DefaultPromise.tryComplete(Promise.scala:288)
	at scala.concurrent.Promise.complete(Promise.scala:53)
	at scala.concurrent.Promise.complete$(Promise.scala:52)
	at scala.concurrent.impl.Promise$DefaultPromise.complete(Promise.scala:187)
	at scala.concurrent.java8.FuturesConvertersImpl$P.accept(FutureConvertersImpl.scala:99)
	at scala.concurrent.java8.FuturesConvertersImpl$P.accept(FutureConvertersImpl.scala:97)
	at java.base/java.util.concurrent.CompletableFuture.uniWhenComplete(CompletableFuture.java:859)
	at java.base/java.util.concurrent.CompletableFuture$UniWhenComplete.tryFire(CompletableFuture.java:837)
	at java.base/java.util.concurrent.CompletableFuture.postComplete(CompletableFuture.java:506)
	at java.base/java.util.concurrent.CompletableFuture$AsyncSupply.run(CompletableFuture.java:1769)
	at java.base/java.util.concurrent.ThreadPoolExecutor.runWorker(ThreadPoolExecutor.java:1130)
	at java.base/java.util.concurrent.ThreadPoolExecutor$Worker.run(ThreadPoolExecutor.java:630)
	at java.base/java.lang.Thread.run(Thread.java:832)
java.util.concurrent.RejectedExecutionException: Task scala.concurrent.impl.CallbackRunnable@5552b27 rejected from java.util.concurrent.ThreadPoolExecutor@5f2941f6[Shutting down, pool size = 1, active threads = 1, queued tasks = 0, completed tasks = 32]
	at java.base/java.util.concurrent.ThreadPoolExecutor$AbortPolicy.rejectedExecution(ThreadPoolExecutor.java:2057)
	at java.base/java.util.concurrent.ThreadPoolExecutor.reject(ThreadPoolExecutor.java:827)
	at java.base/java.util.concurrent.ThreadPoolExecutor.execute(ThreadPoolExecutor.java:1357)
	at scala.concurrent.impl.ExecutionContextImpl$$anon$4.execute(ExecutionContextImpl.scala:138)
	at scala.concurrent.impl.CallbackRunnable.executeWithValue(Promise.scala:72)
	at scala.concurrent.impl.Promise$DefaultPromise.$anonfun$tryComplete$1(Promise.scala:288)
	at scala.concurrent.impl.Promise$DefaultPromise.$anonfun$tryComplete$1$adapted(Promise.scala:288)
	at scala.concurrent.impl.Promise$DefaultPromise.tryComplete(Promise.scala:288)
	at scala.concurrent.Promise.complete(Promise.scala:53)
	at scala.concurrent.Promise.complete$(Promise.scala:52)
	at scala.concurrent.impl.Promise$DefaultPromise.complete(Promise.scala:187)
	at scala.concurrent.impl.Promise.$anonfun$transform$1(Promise.scala:33)
	at scala.concurrent.impl.CallbackRunnable.run(Promise.scala:64)
	at java.base/java.util.concurrent.ThreadPoolExecutor.runWorker(ThreadPoolExecutor.java:1130)
	at java.base/java.util.concurrent.ThreadPoolExecutor$Worker.run(ThreadPoolExecutor.java:630)
	at java.base/java.lang.Thread.run(Thread.java:832)
2020.12.09 23:28:07 INFO  started: Metals version 0.9.4 in workspace '/home/silverest/Coding/adventOfCode2020' .
2020.12.09 23:28:09 INFO  time: initialize in 1.5s
2020.12.09 23:28:09 WARN  no build tool detected in workspace '/home/silverest/Coding/adventOfCode2020'. The most common cause for this problem is that the editor was opened in the wrong working directory, for example if you use sbt then the workspace directory should contain build.sbt. 
2020.12.09 23:28:12 INFO  no build target: using presentation compiler with only scala-library
2020.12.09 23:28:12 WARN  no build target for: /home/silverest/Coding/adventOfCode2020/day5.scala
2020.12.09 23:40:40 WARN  no build target for: /home/silverest/Coding/adventOfCode2020/day5.scala
2020.12.09 23:41:27 WARN  no build target for: /home/silverest/Coding/adventOfCode2020/day5.scala
2020.12.09 23:41:55 WARN  no build target for: /home/silverest/Coding/adventOfCode2020/day5.scala
2020.12.09 23:42:10 WARN  no build target for: /home/silverest/Coding/adventOfCode2020/day5.scala
2020.12.09 23:42:31 WARN  no build target for: /home/silverest/Coding/adventOfCode2020/day5.scala
2020.12.09 23:43:42 WARN  no build target for: /home/silverest/Coding/adventOfCode2020/day5.scala
2020.12.09 23:57:11 WARN  no build target for: /home/silverest/Coding/adventOfCode2020/day5.scala
2020.12.09 23:57:13 WARN  resetting database: /home/silverest/Coding/adventOfCode2020/.metals/metals.h2.db
2020.12.09 23:57:23 INFO  started: Metals version 0.9.4 in workspace '/home/silverest/Coding/adventOfCode2020' .
2020.12.09 23:57:25 INFO  time: initialize in 1.52s
2020.12.09 23:57:27 WARN  no build tool detected in workspace '/home/silverest/Coding/adventOfCode2020'. The most common cause for this problem is that the editor was opened in the wrong working directory, for example if you use sbt then the workspace directory should contain build.sbt. 
2020.12.09 23:57:40 INFO  started: Metals version 0.9.4 in workspace '/home/silverest/Coding/adventOfCode2020' .
2020.12.09 23:57:41 INFO  time: initialize in 1.52s
2020.12.09 23:57:42 WARN  no build tool detected in workspace '/home/silverest/Coding/adventOfCode2020'. The most common cause for this problem is that the editor was opened in the wrong working directory, for example if you use sbt then the workspace directory should contain build.sbt. 
2020.12.09 23:57:45 INFO  no build target: using presentation compiler with only scala-library
2020.12.09 23:57:45 WARN  no build target for: /home/silverest/Coding/adventOfCode2020/day5.scala
2020.12.09 23:57:47 WARN  no build target for: /home/silverest/Coding/adventOfCode2020/day5.scala
2020.12.09 23:58:03 INFO  started: Metals version 0.9.4 in workspace '/home/silverest/Coding/adventOfCode2020' .
2020.12.09 23:58:21 INFO  started: Metals version 0.9.4 in workspace '/home/silverest/Coding/adventOfCode2020' .
2020.12.09 23:58:22 INFO  time: initialize in 1.67s
2020.12.09 23:58:23 WARN  no build tool detected in workspace '/home/silverest/Coding/adventOfCode2020'. The most common cause for this problem is that the editor was opened in the wrong working directory, for example if you use sbt then the workspace directory should contain build.sbt. 
2020.12.09 23:58:44 INFO  started: Metals version 0.9.4 in workspace '/home/silverest/Coding/adventOfCode2020' .
2020.12.09 23:58:45 INFO  time: initialize in 1.55s
2020.12.09 23:58:46 WARN  no build tool detected in workspace '/home/silverest/Coding/adventOfCode2020'. The most common cause for this problem is that the editor was opened in the wrong working directory, for example if you use sbt then the workspace directory should contain build.sbt. 
2020.12.09 23:58:49 INFO  no build target: using presentation compiler with only scala-library
2020.12.09 23:58:49 WARN  no build target for: /home/silverest/Coding/adventOfCode2020/day5.scala
2020.12.09 23:59:02 WARN  no build target for: /home/silverest/Coding/adventOfCode2020/day5.scala
2020.12.09 23:59:15 INFO  started: Metals version 0.9.4 in workspace '/home/silverest/Coding/adventOfCode2020' .
2020.12.09 23:59:16 INFO  time: initialize in 1.69s
2020.12.10 00:01:13 INFO  started: Metals version 0.9.4 in workspace '/home/silverest/Coding/adventOfCode2020' .
2020.12.10 00:01:15 INFO  time: initialize in 1.46s
2020.12.10 00:01:17 WARN  resetting database: /home/silverest/Coding/adventOfCode2020/.metals/metals.h2.db
2020.12.10 00:01:51 INFO  started: Metals version 0.9.4 in workspace '/home/silverest/Coding/adventOfCode2020' .
2020.12.10 00:01:53 INFO  time: initialize in 1.51s
2020.12.10 00:01:57 WARN  no build tool detected in workspace '/home/silverest/Coding/adventOfCode2020'. The most common cause for this problem is that the editor was opened in the wrong working directory, for example if you use sbt then the workspace directory should contain build.sbt. 
2020.12.10 00:02:00 INFO  no build target: using presentation compiler with only scala-library
2020.12.10 00:02:00 WARN  no build target for: /home/silverest/Coding/adventOfCode2020/day5.scala
2020.12.10 00:02:14 WARN  no build target for: /home/silverest/Coding/adventOfCode2020/day5.scala
2020.12.10 00:02:32 INFO  started: Metals version 0.9.4 in workspace '/home/silverest/Coding/adventOfCode2020' .
2020.12.10 00:02:34 INFO  time: initialize in 1.54s
2020.12.10 00:02:34 WARN  no build tool detected in workspace '/home/silverest/Coding/adventOfCode2020'. The most common cause for this problem is that the editor was opened in the wrong working directory, for example if you use sbt then the workspace directory should contain build.sbt. 
2020.12.10 00:02:38 INFO  no build target: using presentation compiler with only scala-library
2020.12.10 00:02:38 WARN  no build target for: /home/silverest/Coding/adventOfCode2020/day5.scala
2020.12.10 00:03:24 WARN  no build target for: /home/silverest/Coding/adventOfCode2020/day5.scala
2020.12.10 00:03:26 WARN  no build target for: /home/silverest/Coding/adventOfCode2020/day5.scala
2020.12.10 00:03:56 INFO  started: Metals version 0.9.4 in workspace '/home/silverest/Coding/adventOfCode2020' .
2020.12.10 00:03:57 INFO  time: initialize in 1.56s
2020.12.10 00:03:58 WARN  no build tool detected in workspace '/home/silverest/Coding/adventOfCode2020'. The most common cause for this problem is that the editor was opened in the wrong working directory, for example if you use sbt then the workspace directory should contain build.sbt. 
2020.12.10 00:04:01 INFO  no build target: using presentation compiler with only scala-library
2020.12.10 00:04:01 WARN  no build target for: /home/silverest/Coding/adventOfCode2020/day5.scala
2020.12.10 00:07:20 WARN  no build target for: /home/silverest/Coding/adventOfCode2020/day5.scala
2020.12.10 00:09:21 INFO  started: Metals version 0.9.4 in workspace '/home/silverest/Coding/adventOfCode2020' .
2020.12.10 00:09:35 INFO  started: Metals version 0.9.4 in workspace '/home/silverest/Coding/adventOfCode2020' .
2020.12.10 00:09:36 INFO  time: initialize in 1.57s
2020.12.10 00:09:37 WARN  no build tool detected in workspace '/home/silverest/Coding/adventOfCode2020'. The most common cause for this problem is that the editor was opened in the wrong working directory, for example if you use sbt then the workspace directory should contain build.sbt. 
2020.12.10 00:10:01 INFO  started: Metals version 0.9.4 in workspace '/home/silverest/Coding/adventOfCode2020' .
2020.12.10 00:10:02 INFO  time: initialize in 1.84s
2020.12.10 00:10:03 WARN  no build tool detected in workspace '/home/silverest/Coding/adventOfCode2020'. The most common cause for this problem is that the editor was opened in the wrong working directory, for example if you use sbt then the workspace directory should contain build.sbt. 
2020.12.10 00:10:07 INFO  no build target: using presentation compiler with only scala-library
2020.12.10 00:10:07 WARN  no build target for: /home/silverest/Coding/adventOfCode2020/day5.scala
2020.12.10 00:10:39 WARN  no build target for: /home/silverest/Coding/adventOfCode2020/day5.scala
2020.12.10 00:11:10 INFO  started: Metals version 0.9.4 in workspace '/home/silverest/Coding/adventOfCode2020' .
2020.12.10 00:11:12 INFO  time: initialize in 1.56s
2020.12.10 00:11:13 WARN  no build tool detected in workspace '/home/silverest/Coding/adventOfCode2020'. The most common cause for this problem is that the editor was opened in the wrong working directory, for example if you use sbt then the workspace directory should contain build.sbt. 
2020.12.10 00:11:16 INFO  no build target: using presentation compiler with only scala-library
2020.12.10 00:11:16 WARN  no build target for: /home/silverest/Coding/adventOfCode2020/day5.scala
2020.12.10 00:11:22 WARN  no build target for: /home/silverest/Coding/adventOfCode2020/day5.scala
2020.12.10 00:11:59 INFO  started: Metals version 0.9.4 in workspace '/home/silverest/Coding/adventOfCode2020' .
2020.12.10 00:12:01 INFO  time: initialize in 1.5s
2020.12.10 00:12:01 WARN  no build tool detected in workspace '/home/silverest/Coding/adventOfCode2020'. The most common cause for this problem is that the editor was opened in the wrong working directory, for example if you use sbt then the workspace directory should contain build.sbt. 
2020.12.10 00:12:04 INFO  no build target: using presentation compiler with only scala-library
2020.12.10 00:12:04 WARN  no build target for: /home/silverest/Coding/adventOfCode2020/day5.scala
2020.12.10 00:12:42 WARN  no build target for: /home/silverest/Coding/adventOfCode2020/day5.scala
2020.12.10 00:13:08 INFO  started: Metals version 0.9.4 in workspace '/home/silverest/Coding/adventOfCode2020' .
2020.12.10 00:13:10 INFO  time: initialize in 1.61s
2020.12.10 00:13:14 WARN  no build tool detected in workspace '/home/silverest/Coding/adventOfCode2020'. The most common cause for this problem is that the editor was opened in the wrong working directory, for example if you use sbt then the workspace directory should contain build.sbt. 
2020.12.10 00:13:17 INFO  no build target: using presentation compiler with only scala-library
2020.12.10 00:13:17 WARN  no build target for: /home/silverest/Coding/adventOfCode2020/day5.scala
2020.12.10 00:14:21 WARN  no build target for: /home/silverest/Coding/adventOfCode2020/day5.scala
2020.12.10 00:14:37 INFO  started: Metals version 0.9.4 in workspace '/home/silverest/Coding/adventOfCode2020' .
2020.12.10 00:14:39 INFO  time: initialize in 1.8s
2020.12.10 00:14:40 WARN  no build tool detected in workspace '/home/silverest/Coding/adventOfCode2020'. The most common cause for this problem is that the editor was opened in the wrong working directory, for example if you use sbt then the workspace directory should contain build.sbt. 
2020.12.10 00:14:44 INFO  no build target: using presentation compiler with only scala-library
2020.12.10 00:14:44 WARN  no build target for: /home/silverest/Coding/adventOfCode2020/day5.scala
2020.12.10 00:17:35 WARN  no build target for: /home/silverest/Coding/adventOfCode2020/day5.scala
2020.12.10 00:17:48 INFO  started: Metals version 0.9.4 in workspace '/home/silverest/Coding/adventOfCode2020' .
2020.12.10 00:17:50 INFO  time: initialize in 1.58s
2020.12.10 00:17:51 WARN  no build tool detected in workspace '/home/silverest/Coding/adventOfCode2020'. The most common cause for this problem is that the editor was opened in the wrong working directory, for example if you use sbt then the workspace directory should contain build.sbt. 
2020.12.10 00:17:54 INFO  no build target: using presentation compiler with only scala-library
2020.12.10 00:17:54 WARN  no build target for: /home/silverest/Coding/adventOfCode2020/day5.scala
2020.12.10 00:20:50 WARN  no build target for: /home/silverest/Coding/adventOfCode2020/day5.scala
2020.12.10 00:23:46 INFO  started: Metals version 0.9.4 in workspace '/home/silverest/Coding/adventOfCode2020' .
2020.12.10 00:23:47 INFO  time: initialize in 1.69s
2020.12.10 00:23:52 WARN  no build tool detected in workspace '/home/silverest/Coding/adventOfCode2020'. The most common cause for this problem is that the editor was opened in the wrong working directory, for example if you use sbt then the workspace directory should contain build.sbt. 
2020.12.10 00:23:55 INFO  no build target: using presentation compiler with only scala-library
2020.12.10 00:23:55 WARN  no build target for: /home/silverest/Coding/adventOfCode2020/day5.scala
2020.12.10 00:23:55 WARN  no build target for: /home/silverest/Coding/adventOfCode2020/day5.scala
2020.12.10 00:24:08 INFO  started: Metals version 0.9.4 in workspace '/home/silverest/Coding/adventOfCode2020' .
2020.12.10 00:24:09 INFO  time: initialize in 1.48s
2020.12.10 00:24:10 WARN  no build tool detected in workspace '/home/silverest/Coding/adventOfCode2020'. The most common cause for this problem is that the editor was opened in the wrong working directory, for example if you use sbt then the workspace directory should contain build.sbt. 
2020.12.10 00:24:13 INFO  no build target: using presentation compiler with only scala-library
2020.12.10 00:24:13 WARN  no build target for: /home/silverest/Coding/adventOfCode2020/day5.scala
2020.12.10 00:24:22 WARN  no build target for: /home/silverest/Coding/adventOfCode2020/day5.scala
2020.12.10 00:24:33 INFO  started: Metals version 0.9.4 in workspace '/home/silverest/Coding/adventOfCode2020' .
2020.12.10 00:24:34 INFO  time: initialize in 1.49s
2020.12.10 00:24:35 WARN  no build tool detected in workspace '/home/silverest/Coding/adventOfCode2020'. The most common cause for this problem is that the editor was opened in the wrong working directory, for example if you use sbt then the workspace directory should contain build.sbt. 
2020.12.10 00:24:38 INFO  no build target: using presentation compiler with only scala-library
2020.12.10 00:24:38 WARN  no build target for: /home/silverest/Coding/adventOfCode2020/day5.scala
2020.12.10 00:24:38 WARN  no build target for: /home/silverest/Coding/adventOfCode2020/day5.scala
2020.12.10 00:24:52 INFO  started: Metals version 0.9.4 in workspace '/home/silverest/Coding/adventOfCode2020' .
2020.12.10 00:24:54 INFO  time: initialize in 1.57s
2020.12.10 00:24:58 WARN  no build tool detected in workspace '/home/silverest/Coding/adventOfCode2020'. The most common cause for this problem is that the editor was opened in the wrong working directory, for example if you use sbt then the workspace directory should contain build.sbt. 
2020.12.10 00:25:01 INFO  no build target: using presentation compiler with only scala-library
2020.12.10 00:25:01 WARN  no build target for: /home/silverest/Coding/adventOfCode2020/day5.scala
2020.12.10 00:32:59 WARN  no build target for: /home/silverest/Coding/adventOfCode2020/day5.scala
2020.12.10 00:33:18 INFO  started: Metals version 0.9.4 in workspace '/home/silverest/Coding/adventOfCode2020' .
2020.12.10 00:33:20 INFO  time: initialize in 1.78s
2020.12.10 00:33:24 WARN  no build tool detected in workspace '/home/silverest/Coding/adventOfCode2020'. The most common cause for this problem is that the editor was opened in the wrong working directory, for example if you use sbt then the workspace directory should contain build.sbt. 
2020.12.10 00:33:27 INFO  no build target: using presentation compiler with only scala-library
2020.12.10 00:33:27 WARN  no build target for: /home/silverest/Coding/adventOfCode2020/day5.scala
Dec 10, 2020 12:33:50 AM scala.meta.internal.pc.CompletionProvider expected$1
WARNING: offset 922, count -1, length 1040
2020.12.10 00:34:01 WARN  no build target for: /home/silverest/Coding/adventOfCode2020/day5.scala
2020.12.10 00:35:39 INFO  started: Metals version 0.9.4 in workspace '/home/silverest/Coding/adventOfCode2020' .
2020.12.10 00:35:41 INFO  time: initialize in 1.55s
2020.12.10 00:35:42 WARN  no build tool detected in workspace '/home/silverest/Coding/adventOfCode2020'. The most common cause for this problem is that the editor was opened in the wrong working directory, for example if you use sbt then the workspace directory should contain build.sbt. 
2020.12.10 00:35:44 INFO  no build target: using presentation compiler with only scala-library
2020.12.10 00:35:44 WARN  no build target for: /home/silverest/Coding/adventOfCode2020/day5.scala
2020.12.10 00:35:54 WARN  no build target for: /home/silverest/Coding/adventOfCode2020/day5.scala
2020.12.10 00:36:03 INFO  started: Metals version 0.9.4 in workspace '/home/silverest/Coding/adventOfCode2020' .
2020.12.10 00:36:05 INFO  time: initialize in 1.4s
2020.12.10 00:36:05 WARN  no build tool detected in workspace '/home/silverest/Coding/adventOfCode2020'. The most common cause for this problem is that the editor was opened in the wrong working directory, for example if you use sbt then the workspace directory should contain build.sbt. 
2020.12.10 00:36:08 INFO  no build target: using presentation compiler with only scala-library
2020.12.10 00:36:08 WARN  no build target for: /home/silverest/Coding/adventOfCode2020/day5.scala
2020.12.10 00:36:16 WARN  no build target for: /home/silverest/Coding/adventOfCode2020/day5.scala
2020.12.10 00:58:29 INFO  started: Metals version 0.9.4 in workspace '/home/silverest/Coding/adventOfCode2020' .
2020.12.10 00:58:31 INFO  time: initialize in 2.21s
2020.12.10 00:58:32 WARN  no build tool detected in workspace '/home/silverest/Coding/adventOfCode2020'. The most common cause for this problem is that the editor was opened in the wrong working directory, for example if you use sbt then the workspace directory should contain build.sbt. 
Dec 10, 2020 12:58:32 AM org.eclipse.lsp4j.jsonrpc.RemoteEndpoint handleNotification
WARNING: Notification threw an exception: {
  "jsonrpc": "2.0",
  "method": "textDocument/didOpen",
  "params": {
    "textDocument": {
      "uri": "file:///home/silverest/Coding/adventOfCode2020/day6.scala",
      "languageId": "scala",
      "version": 1,
      "text": "\n"
    }
  }
}
java.lang.RuntimeException: java.lang.reflect.InvocationTargetException
	at org.eclipse.lsp4j.jsonrpc.services.GenericEndpoint.lambda$null$0(GenericEndpoint.java:67)
	at org.eclipse.lsp4j.jsonrpc.services.GenericEndpoint.notify(GenericEndpoint.java:152)
	at org.eclipse.lsp4j.jsonrpc.RemoteEndpoint.handleNotification(RemoteEndpoint.java:220)
	at org.eclipse.lsp4j.jsonrpc.RemoteEndpoint.consume(RemoteEndpoint.java:187)
	at org.eclipse.lsp4j.jsonrpc.json.StreamMessageProducer.handleMessage(StreamMessageProducer.java:194)
	at org.eclipse.lsp4j.jsonrpc.json.StreamMessageProducer.listen(StreamMessageProducer.java:94)
	at org.eclipse.lsp4j.jsonrpc.json.ConcurrentMessageProcessor.run(ConcurrentMessageProcessor.java:113)
	at java.base/java.util.concurrent.Executors$RunnableAdapter.call(Executors.java:515)
	at java.base/java.util.concurrent.FutureTask.run(FutureTask.java:264)
	at java.base/java.util.concurrent.ThreadPoolExecutor.runWorker(ThreadPoolExecutor.java:1130)
	at java.base/java.util.concurrent.ThreadPoolExecutor$Worker.run(ThreadPoolExecutor.java:630)
	at java.base/java.lang.Thread.run(Thread.java:832)
Caused by: java.lang.reflect.InvocationTargetException
	at java.base/jdk.internal.reflect.NativeMethodAccessorImpl.invoke0(Native Method)
	at java.base/jdk.internal.reflect.NativeMethodAccessorImpl.invoke(NativeMethodAccessorImpl.java:64)
	at java.base/jdk.internal.reflect.DelegatingMethodAccessorImpl.invoke(DelegatingMethodAccessorImpl.java:43)
	at java.base/java.lang.reflect.Method.invoke(Method.java:564)
	at org.eclipse.lsp4j.jsonrpc.services.GenericEndpoint.lambda$null$0(GenericEndpoint.java:65)
	... 11 more
Caused by: java.nio.file.NoSuchFileException: /home/silverest/Coding/adventOfCode2020/day6.scala
	at java.base/sun.nio.fs.UnixException.translateToIOException(UnixException.java:92)
	at java.base/sun.nio.fs.UnixException.rethrowAsIOException(UnixException.java:106)
	at java.base/sun.nio.fs.UnixException.rethrowAsIOException(UnixException.java:111)
	at java.base/sun.nio.fs.UnixFileSystemProvider.newByteChannel(UnixFileSystemProvider.java:218)
	at java.base/java.nio.file.Files.newByteChannel(Files.java:375)
	at java.base/java.nio.file.Files.newByteChannel(Files.java:426)
	at java.base/java.nio.file.Files.readAllBytes(Files.java:3272)
	at scala.meta.internal.io.PlatformFileIO$.slurp(PlatformFileIO.scala:45)
	at scala.meta.internal.io.FileIO$.slurp(FileIO.scala:24)
	at scala.meta.internal.metals.MetalsLanguageServer.didOpen(MetalsLanguageServer.scala:804)
	... 16 more

2020.12.10 01:56:00 INFO  started: Metals version 0.9.4 in workspace '/home/silverest/Coding/adventOfCode2020' .
2020.12.10 01:56:02 INFO  time: initialize in 1.65s
2020.12.10 01:56:03 WARN  no build tool detected in workspace '/home/silverest/Coding/adventOfCode2020'. The most common cause for this problem is that the editor was opened in the wrong working directory, for example if you use sbt then the workspace directory should contain build.sbt. 
2020.12.10 01:56:18 INFO  started: Metals version 0.9.4 in workspace '/home/silverest/Coding/adventOfCode2020' .
2020.12.10 01:56:20 INFO  time: initialize in 1.82s
2020.12.10 01:56:21 WARN  no build tool detected in workspace '/home/silverest/Coding/adventOfCode2020'. The most common cause for this problem is that the editor was opened in the wrong working directory, for example if you use sbt then the workspace directory should contain build.sbt. 
